2025-12-25T21:36:12.918926+00:00 WARNING 'ansible_navigator.run' Dirty exit, killing the pid
2025-12-25T21:44:30.703537+00:00 INFO 'ansible_navigator.setup_logger' New ansible-navigator instance, logging initialized
2025-12-25T21:44:30.703800+00:00 INFO 'ansible_navigator.setup_logger' New ansible-runner instance, logging initialized
2025-12-25T21:44:30.703865+00:00 DEBUG 'ansible_navigator.main' ansible-builder==1.1.0 /usr/lib/python3.9/site-packages
2025-12-25T21:44:30.703891+00:00 DEBUG 'ansible_navigator.main' ansible-core==2.13.0 /usr/lib/python3.9/site-packages
2025-12-25T21:44:30.703912+00:00 DEBUG 'ansible_navigator.main' ansible-navigator==2.1.0 /usr/lib/python3.9/site-packages
2025-12-25T21:44:30.703932+00:00 DEBUG 'ansible_navigator.main' ansible-runner==2.2.0 /usr/lib/python3.9/site-packages
2025-12-25T21:44:30.703952+00:00 DEBUG 'ansible_navigator.main' attrs==21.4.0 /usr/lib/python3.9/site-packages
2025-12-25T21:44:30.703971+00:00 DEBUG 'ansible_navigator.main' babel==2.9.1 /usr/lib/python3.9/site-packages
2025-12-25T21:44:30.703990+00:00 DEBUG 'ansible_navigator.main' bindep==2.10.2 /usr/lib/python3.9/site-packages
2025-12-25T21:44:30.704008+00:00 DEBUG 'ansible_navigator.main' brlapi==0.8.2 /usr/lib64/python3.9/site-packages
2025-12-25T21:44:30.704027+00:00 DEBUG 'ansible_navigator.main' certifi==2020.6.20 /usr/lib/python3.9/site-packages
2025-12-25T21:44:30.704045+00:00 DEBUG 'ansible_navigator.main' cffi==1.15.0 /usr/lib64/python3.9/site-packages
2025-12-25T21:44:30.704064+00:00 DEBUG 'ansible_navigator.main' chardet==4.0.0 /usr/lib/python3.9/site-packages
2025-12-25T21:44:30.704082+00:00 DEBUG 'ansible_navigator.main' charset-normalizer==2.0.11 /usr/lib/python3.9/site-packages
2025-12-25T21:44:30.704100+00:00 DEBUG 'ansible_navigator.main' chrome-gnome-shell==0.0.0 /usr/lib/python3.9/site-packages
2025-12-25T21:44:30.704119+00:00 DEBUG 'ansible_navigator.main' cloud-init==21.1 /usr/lib/python3.9/site-packages
2025-12-25T21:44:30.704137+00:00 DEBUG 'ansible_navigator.main' configobj==5.0.6 /usr/lib/python3.9/site-packages
2025-12-25T21:44:30.704155+00:00 DEBUG 'ansible_navigator.main' cryptography==36.0.1 /usr/lib64/python3.9/site-packages
2025-12-25T21:44:30.704174+00:00 DEBUG 'ansible_navigator.main' cupshelpers==1.0 /usr/lib/python3.9/site-packages
2025-12-25T21:44:30.704192+00:00 DEBUG 'ansible_navigator.main' dasbus==1.4 /usr/lib/python3.9/site-packages
2025-12-25T21:44:30.704211+00:00 DEBUG 'ansible_navigator.main' dbus-python==1.2.18 /usr/lib64/python3.9/site-packages
2025-12-25T21:44:30.704229+00:00 DEBUG 'ansible_navigator.main' decorator==4.4.2 /usr/lib/python3.9/site-packages
2025-12-25T21:44:30.704247+00:00 DEBUG 'ansible_navigator.main' distlib==0.3.4 /usr/local/lib/python3.9/site-packages
2025-12-25T21:44:30.704273+00:00 DEBUG 'ansible_navigator.main' distro==1.6.0 /usr/lib/python3.9/site-packages
2025-12-25T21:44:30.704292+00:00 DEBUG 'ansible_navigator.main' docutils==0.16 /usr/lib/python3.9/site-packages
2025-12-25T21:44:30.704310+00:00 DEBUG 'ansible_navigator.main' ethtool==0.15 /usr/lib64/python3.9/site-packages
2025-12-25T21:44:30.704329+00:00 DEBUG 'ansible_navigator.main' file-magic==0.4.0 /usr/lib/python3.9/site-packages
2025-12-25T21:44:30.704347+00:00 DEBUG 'ansible_navigator.main' filelock==3.7.0 /usr/local/lib/python3.9/site-packages
2025-12-25T21:44:30.704365+00:00 DEBUG 'ansible_navigator.main' gpg==1.15.1 /usr/lib64/python3.9/site-packages
2025-12-25T21:44:30.704383+00:00 DEBUG 'ansible_navigator.main' idna==3.3 /usr/lib/python3.9/site-packages
2025-12-25T21:44:30.704401+00:00 DEBUG 'ansible_navigator.main' iniparse==0.4 /usr/lib/python3.9/site-packages
2025-12-25T21:44:30.704420+00:00 DEBUG 'ansible_navigator.main' jinja2==3.0.3 /usr/lib/python3.9/site-packages
2025-12-25T21:44:30.704438+00:00 DEBUG 'ansible_navigator.main' jsonpatch==1.21 /usr/lib/python3.9/site-packages
2025-12-25T21:44:30.704456+00:00 DEBUG 'ansible_navigator.main' jsonpointer==2.0 /usr/lib/python3.9/site-packages
2025-12-25T21:44:30.704474+00:00 DEBUG 'ansible_navigator.main' jsonschema==3.2.0 /usr/lib/python3.9/site-packages
2025-12-25T21:44:30.704522+00:00 DEBUG 'ansible_navigator.main' libcomps==0.1.18 /usr/lib64/python3.9/site-packages
2025-12-25T21:44:30.704542+00:00 DEBUG 'ansible_navigator.main' lockfile==0.12.2 /usr/lib/python3.9/site-packages
2025-12-25T21:44:30.704561+00:00 DEBUG 'ansible_navigator.main' lxml==4.6.5 /usr/lib64/python3.9/site-packages
2025-12-25T21:44:30.704592+00:00 DEBUG 'ansible_navigator.main' markupsafe==2.1.0 /usr/lib64/python3.9/site-packages
2025-12-25T21:44:30.704611+00:00 DEBUG 'ansible_navigator.main' netifaces==0.10.6 /usr/lib64/python3.9/site-packages
2025-12-25T21:44:30.704629+00:00 DEBUG 'ansible_navigator.main' nftables==0.1 /usr/lib/python3.9/site-packages
2025-12-25T21:44:30.704647+00:00 DEBUG 'ansible_navigator.main' oauthlib==3.1.1 /usr/lib/python3.9/site-packages
2025-12-25T21:44:30.704666+00:00 DEBUG 'ansible_navigator.main' onigurumacffi==1.1.0 /usr/lib64/python3.9/site-packages
2025-12-25T21:44:30.704684+00:00 DEBUG 'ansible_navigator.main' packaging==21.2 /usr/lib/python3.9/site-packages
2025-12-25T21:44:30.704702+00:00 DEBUG 'ansible_navigator.main' parsley==1.3 /usr/lib/python3.9/site-packages
2025-12-25T21:44:30.704721+00:00 DEBUG 'ansible_navigator.main' pbr==5.8.1 /usr/lib/python3.9/site-packages
2025-12-25T21:44:30.704739+00:00 DEBUG 'ansible_navigator.main' perf==0.1 /usr/lib64/python3.9/site-packages
2025-12-25T21:44:30.704757+00:00 DEBUG 'ansible_navigator.main' pexpect==4.8.0 /usr/lib/python3.9/site-packages
2025-12-25T21:44:30.704775+00:00 DEBUG 'ansible_navigator.main' pip==21.2.3 /usr/lib/python3.9/site-packages
2025-12-25T21:44:30.704793+00:00 DEBUG 'ansible_navigator.main' platformdirs==2.5.2 /usr/local/lib/python3.9/site-packages
2025-12-25T21:44:30.704881+00:00 DEBUG 'ansible_navigator.main' prettytable==0.7.2 /usr/lib/python3.9/site-packages
2025-12-25T21:44:30.704904+00:00 DEBUG 'ansible_navigator.main' psutil==5.8.0 /usr/lib64/python3.9/site-packages
2025-12-25T21:44:30.704923+00:00 DEBUG 'ansible_navigator.main' ptyprocess==0.6.0 /usr/lib/python3.9/site-packages
2025-12-25T21:44:30.704941+00:00 DEBUG 'ansible_navigator.main' pycairo==1.20.0 /usr/lib64/python3.9/site-packages
2025-12-25T21:44:30.704960+00:00 DEBUG 'ansible_navigator.main' pycparser==2.21 /usr/lib/python3.9/site-packages
2025-12-25T21:44:30.704978+00:00 DEBUG 'ansible_navigator.main' pycups==2.0.1 /usr/lib64/python3.9/site-packages
2025-12-25T21:44:30.704996+00:00 DEBUG 'ansible_navigator.main' pycurl==7.43.0.6 /usr/lib64/python3.9/site-packages
2025-12-25T21:44:30.705014+00:00 DEBUG 'ansible_navigator.main' pyenchant==3.2.0 /usr/lib/python3.9/site-packages
2025-12-25T21:44:30.705033+00:00 DEBUG 'ansible_navigator.main' pygobject==3.40.1 /usr/lib64/python3.9/site-packages
2025-12-25T21:44:30.705051+00:00 DEBUG 'ansible_navigator.main' pyinotify==0.9.6 /usr/lib/python3.9/site-packages
2025-12-25T21:44:30.705070+00:00 DEBUG 'ansible_navigator.main' pyopenssl==19.1.0 /usr/lib/python3.9/site-packages
2025-12-25T21:44:30.705088+00:00 DEBUG 'ansible_navigator.main' pyparsing==2.4.7 /usr/lib/python3.9/site-packages
2025-12-25T21:44:30.705106+00:00 DEBUG 'ansible_navigator.main' pyrsistent==0.17.3 /usr/lib64/python3.9/site-packages
2025-12-25T21:44:30.705124+00:00 DEBUG 'ansible_navigator.main' pyserial==3.4 /usr/lib/python3.9/site-packages
2025-12-25T21:44:30.705142+00:00 DEBUG 'ansible_navigator.main' pysocks==1.7.1 /usr/lib/python3.9/site-packages
2025-12-25T21:44:30.705161+00:00 DEBUG 'ansible_navigator.main' python-daemon==2.3.0 /usr/lib/python3.9/site-packages
2025-12-25T21:44:30.705179+00:00 DEBUG 'ansible_navigator.main' python-dateutil==2.8.1 /usr/lib/python3.9/site-packages
2025-12-25T21:44:30.705197+00:00 DEBUG 'ansible_navigator.main' python-dmidecode==3.12.2 /usr/lib64/python3.9/site-packages
2025-12-25T21:44:30.705215+00:00 DEBUG 'ansible_navigator.main' python-linux-procfs==0.7.0 /usr/lib/python3.9/site-packages
2025-12-25T21:44:30.705234+00:00 DEBUG 'ansible_navigator.main' pytz==2021.3 /usr/lib/python3.9/site-packages
2025-12-25T21:44:30.705252+00:00 DEBUG 'ansible_navigator.main' pyudev==0.22.0 /usr/lib/python3.9/site-packages
2025-12-25T21:44:30.705284+00:00 DEBUG 'ansible_navigator.main' pyxdg==0.27 /usr/lib/python3.9/site-packages
2025-12-25T21:44:30.705303+00:00 DEBUG 'ansible_navigator.main' pyyaml==5.4.1 /usr/lib64/python3.9/site-packages
2025-12-25T21:44:30.705321+00:00 DEBUG 'ansible_navigator.main' requests==2.27.1 /usr/lib/python3.9/site-packages
2025-12-25T21:44:30.705339+00:00 DEBUG 'ansible_navigator.main' requirements-parser==0.2.0 /usr/lib/python3.9/site-packages
2025-12-25T21:44:30.705358+00:00 DEBUG 'ansible_navigator.main' resolvelib==0.5.4 /usr/lib/python3.9/site-packages
2025-12-25T21:44:30.705376+00:00 DEBUG 'ansible_navigator.main' rpm==4.16.1.3 /usr/lib64/python3.9/site-packages
2025-12-25T21:44:30.705395+00:00 DEBUG 'ansible_navigator.main' selinux==3.3 /usr/lib64/python3.9/site-packages
2025-12-25T21:44:30.705413+00:00 DEBUG 'ansible_navigator.main' sepolicy==3.3 /usr/lib/python3.9/site-packages
2025-12-25T21:44:30.705431+00:00 DEBUG 'ansible_navigator.main' setools==4.4.0 /usr/lib64/python3.9/site-packages
2025-12-25T21:44:30.705450+00:00 DEBUG 'ansible_navigator.main' setroubleshoot==1.1 /usr/lib/python3.9/site-packages
2025-12-25T21:44:30.705468+00:00 DEBUG 'ansible_navigator.main' setuptools==53.0.0 /usr/lib/python3.9/site-packages
2025-12-25T21:44:30.705486+00:00 DEBUG 'ansible_navigator.main' six==1.16.0 /usr/lib/python3.9/site-packages
2025-12-25T21:44:30.705504+00:00 DEBUG 'ansible_navigator.main' sos==4.2 /usr/lib/python3.9/site-packages
2025-12-25T21:44:30.705523+00:00 DEBUG 'ansible_navigator.main' subscription-manager==1.29.26 /usr/lib64/python3.9/site-packages
2025-12-25T21:44:30.705541+00:00 DEBUG 'ansible_navigator.main' systemd-python==234 /usr/lib64/python3.9/site-packages
2025-12-25T21:44:30.705559+00:00 DEBUG 'ansible_navigator.main' urllib3==1.26.8 /usr/lib/python3.9/site-packages
2025-12-25T21:44:30.705577+00:00 DEBUG 'ansible_navigator.main' virtualenv==20.14.1 /usr/local/lib/python3.9/site-packages
2025-12-25T21:44:30.705595+00:00 DEBUG 'ansible_navigator.main' Share directory '/usr/lib/python3.9/share/ansible_navigator' not found (development path)
2025-12-25T21:44:30.705624+00:00 DEBUG 'ansible_navigator.main' Share directory '/home/student/.local/share/ansible_navigator' not found (userbase)
2025-12-25T21:44:30.705642+00:00 DEBUG 'ansible_navigator.main' Share directory '/usr/share/ansible_navigator' found (sys.prefix)
2025-12-25T21:44:30.705659+00:00 DEBUG 'ansible_navigator.main' Default collection_doc_cache_path set to: /home/student/.cache/ansible-navigator/collection_doc_cache.db
2025-12-25T21:44:30.705677+00:00 DEBUG 'ansible_navigator.main' EDITOR environment variable not set
2025-12-25T21:44:30.705694+00:00 DEBUG 'ansible_navigator.main' Default editor_command set to: vi +{line_number} {filename}
2025-12-25T21:44:30.705711+00:00 DEBUG 'ansible_navigator.main' No config file set by ANSIBLE_NAVIGATOR_CONFIG
2025-12-25T21:44:30.705729+00:00 DEBUG 'ansible_navigator.main' Looking in /home/student
2025-12-25T21:44:30.705746+00:00 DEBUG 'ansible_navigator.main' Looking for '/home/student/.ansible-navigator.yml', '/home/student/.ansible-navigator.yaml' and '/home/student/.ansible-navigator.json'
2025-12-25T21:44:30.705764+00:00 DEBUG 'ansible_navigator.main' Found 1: '/home/student/.ansible-navigator.yml'
2025-12-25T21:44:30.705781+00:00 DEBUG 'ansible_navigator.main' Looking in /home/student/troubleshoot-host
2025-12-25T21:44:30.705806+00:00 DEBUG 'ansible_navigator.main' Looking for '/home/student/troubleshoot-host/ansible-navigator.yml', '/home/student/troubleshoot-host/ansible-navigator.yaml' and '/home/student/troubleshoot-host/ansible-navigator.json'
2025-12-25T21:44:30.705824+00:00 DEBUG 'ansible_navigator.main' Found 0: 
2025-12-25T21:44:30.705842+00:00 DEBUG 'ansible_navigator.main' All found 1: '/home/student/.ansible-navigator.yml'
2025-12-25T21:44:30.705859+00:00 DEBUG 'ansible_navigator.main' Using: /home/student/.ansible-navigator.yml
2025-12-25T21:44:30.705877+00:00 DEBUG 'ansible_navigator.main' Using settings file at /home/student/.ansible-navigator.yml in search path
2025-12-25T21:44:30.705900+00:00 DEBUG 'ansible_navigator.main' Command provided: 'run samba.yml -m stdoud -vvvv'
2025-12-25T21:44:30.705919+00:00 DEBUG 'ansible_navigator.main' ansible-navigator.ansible-runner.artifact-dir not found in settings file
2025-12-25T21:44:30.705936+00:00 DEBUG 'ansible_navigator.main' ansible-navigator.ansible-runner.rotate-artifacts-count not found in settings file
2025-12-25T21:44:30.705954+00:00 DEBUG 'ansible_navigator.main' ansible-navigator.ansible-runner.timeout not found in settings file
2025-12-25T21:44:30.705971+00:00 DEBUG 'ansible_navigator.main' ansible-navigator.app not found in settings file
2025-12-25T21:44:30.705988+00:00 DEBUG 'ansible_navigator.main' ansible-navigator.ansible.cmdline not found in settings file
2025-12-25T21:44:30.706006+00:00 DEBUG 'ansible_navigator.main' ansible-navigator.collection-doc-cache-path not found in settings file
2025-12-25T21:44:30.706023+00:00 DEBUG 'ansible_navigator.main' ansible-navigator.ansible.config.path not found in settings file
2025-12-25T21:44:30.706040+00:00 DEBUG 'ansible_navigator.main' ansible-navigator.execution-environment.container-engine not found in settings file
2025-12-25T21:44:30.706058+00:00 DEBUG 'ansible_navigator.main' ansible-navigator.execution-environment.container-options not found in settings file
2025-12-25T21:44:30.706074+00:00 DEBUG 'ansible_navigator.main' ansible-navigator.color.enable not found in settings file
2025-12-25T21:44:30.706092+00:00 DEBUG 'ansible_navigator.main' ansible-navigator.editor.command not found in settings file
2025-12-25T21:44:30.706109+00:00 DEBUG 'ansible_navigator.main' ansible-navigator.editor.console not found in settings file
2025-12-25T21:44:30.706126+00:00 DEBUG 'ansible_navigator.main' ansible-navigator.exec.command not found in settings file
2025-12-25T21:44:30.706143+00:00 DEBUG 'ansible_navigator.main' ansible-navigator.exec.shell not found in settings file
2025-12-25T21:44:30.706160+00:00 DEBUG 'ansible_navigator.main' ansible-navigator.execution-environment.enabled not found in settings file
2025-12-25T21:44:30.706177+00:00 DEBUG 'ansible_navigator.main' ansible-navigator.execution-environment.volume-mounts not found in settings file
2025-12-25T21:44:30.706195+00:00 DEBUG 'ansible_navigator.main' ansible-navigator.ansible-builder.help not found in settings file
2025-12-25T21:44:30.706212+00:00 DEBUG 'ansible_navigator.main' ansible-navigator.ansible.config.help not found in settings file
2025-12-25T21:44:30.706229+00:00 DEBUG 'ansible_navigator.main' ansible-navigator.ansible.doc.help not found in settings file
2025-12-25T21:44:30.706246+00:00 DEBUG 'ansible_navigator.main' ansible-navigator.ansible.inventory.help not found in settings file
2025-12-25T21:44:30.706271+00:00 DEBUG 'ansible_navigator.main' ansible-navigator.ansible.playbook.help not found in settings file
2025-12-25T21:44:30.706288+00:00 DEBUG 'ansible_navigator.main' ansible-navigator.images.details not found in settings file
2025-12-25T21:44:30.706306+00:00 DEBUG 'ansible_navigator.main' ansible-navigator.ansible.inventory.entries not found in settings file
2025-12-25T21:44:30.706323+00:00 DEBUG 'ansible_navigator.main' ansible-navigator.inventory-columns not found in settings file
2025-12-25T21:44:30.706340+00:00 DEBUG 'ansible_navigator.main' ansible-navigator.ansible-lint.config not found in settings file
2025-12-25T21:44:30.706357+00:00 DEBUG 'ansible_navigator.main' ansible-navigator.ansible-lint.lintables not found in settings file
2025-12-25T21:44:30.706374+00:00 DEBUG 'ansible_navigator.main' ansible-navigator.logging.append not found in settings file
2025-12-25T21:44:30.706392+00:00 DEBUG 'ansible_navigator.main' ansible-navigator.logging.file not found in settings file
2025-12-25T21:44:30.706409+00:00 DEBUG 'ansible_navigator.main' ansible-navigator.logging.level not found in settings file
2025-12-25T21:44:30.706426+00:00 DEBUG 'ansible_navigator.main' ansible-navigator.mode not found in settings file
2025-12-25T21:44:30.706444+00:00 DEBUG 'ansible_navigator.main' ansible-navigator.color.osc4 not found in settings file
2025-12-25T21:44:30.706465+00:00 DEBUG 'ansible_navigator.main' ansible-navigator.execution-environment.environment-variables.pass not found in settings file
2025-12-25T21:44:30.706483+00:00 DEBUG 'ansible_navigator.main' ansible-navigator.ansible.playbook.path not found in settings file
2025-12-25T21:44:30.706500+00:00 DEBUG 'ansible_navigator.main' ansible-navigator.playbook-artifact.enable not found in settings file
2025-12-25T21:44:30.706517+00:00 DEBUG 'ansible_navigator.main' ansible-navigator.playbook-artifact.replay not found in settings file
2025-12-25T21:44:30.706535+00:00 DEBUG 'ansible_navigator.main' ansible-navigator.playbook-artifact.save-as not found in settings file
2025-12-25T21:44:30.706552+00:00 DEBUG 'ansible_navigator.main' ansible-navigator.ansible.doc.plugin.name not found in settings file
2025-12-25T21:44:30.706569+00:00 DEBUG 'ansible_navigator.main' ansible-navigator.ansible.doc.plugin.type not found in settings file
2025-12-25T21:44:30.706586+00:00 DEBUG 'ansible_navigator.main' ansible-navigator.execution-environment.pull.arguments not found in settings file
2025-12-25T21:44:30.706604+00:00 DEBUG 'ansible_navigator.main' ansible-navigator.execution-environment.environment-variables.set not found in settings file
2025-12-25T21:44:30.706621+00:00 DEBUG 'ansible_navigator.main' ansible-navigator.settings.effective not found in settings file
2025-12-25T21:44:30.706638+00:00 DEBUG 'ansible_navigator.main' ansible-navigator.settings.sample not found in settings file
2025-12-25T21:44:30.706655+00:00 DEBUG 'ansible_navigator.main' ansible-navigator.settings.schema not found in settings file
2025-12-25T21:44:30.706672+00:00 DEBUG 'ansible_navigator.main' ansible-navigator.settings.sources not found in settings file
2025-12-25T21:44:30.706690+00:00 DEBUG 'ansible_navigator.main' ansible-navigator.time-zone not found in settings file
2025-12-25T21:44:30.706707+00:00 DEBUG 'ansible_navigator.main' ansible-navigator.ansible-builder.workdir not found in settings file
2025-12-25T21:44:30.706724+00:00 DEBUG 'ansible_navigator.main' EE support enabled: using current working directory for 'ansible.cfg'
2025-12-25T21:44:30.706741+00:00 INFO 'ansible_navigator.main' EE support enabled: found 'ansible.cfg' in current working directory.
2025-12-25T21:44:30.706758+00:00 DEBUG 'ansible_navigator.main' Completed post processing for ansible_runner_artifact_dir. (changed=False)
2025-12-25T21:44:30.706775+00:00 DEBUG 'ansible_navigator.main' Completed post processing for ansible_runner_rotate_artifacts_count. (changed=False)
2025-12-25T21:44:30.706799+00:00 DEBUG 'ansible_navigator.main' Completed post processing for ansible_runner_timeout. (changed=False)
2025-12-25T21:44:30.706817+00:00 DEBUG 'ansible_navigator.main' Completed post processing for cmdline. (changed=False)
2025-12-25T21:44:30.706834+00:00 DEBUG 'ansible_navigator.main' Completed post processing for collection_doc_cache_path. (changed=False)
2025-12-25T21:44:30.706851+00:00 DEBUG 'ansible_navigator.main' Completed post processing for container_engine. (changed=True)
2025-12-25T21:44:30.706869+00:00 DEBUG 'ansible_navigator.main'  before: 'auto'
2025-12-25T21:44:30.706886+00:00 DEBUG 'ansible_navigator.main'  after: 'podman'
2025-12-25T21:44:30.706903+00:00 DEBUG 'ansible_navigator.main' Completed post processing for container_options. (changed=False)
2025-12-25T21:44:30.706921+00:00 DEBUG 'ansible_navigator.main' Completed post processing for display_color. (changed=False)
2025-12-25T21:44:30.706938+00:00 DEBUG 'ansible_navigator.main' Completed post processing for execution_environment. (changed=False)
2025-12-25T21:44:30.706955+00:00 DEBUG 'ansible_navigator.main' Completed post processing for execution_environment_image. (changed=False)
2025-12-25T21:44:30.706972+00:00 DEBUG 'ansible_navigator.main' Completed post processing for help_builder. (changed=False)
2025-12-25T21:44:30.706989+00:00 DEBUG 'ansible_navigator.main' Completed post processing for help_config. (changed=False)
2025-12-25T21:44:30.707010+00:00 DEBUG 'ansible_navigator.main' Completed post processing for help_doc. (changed=False)
2025-12-25T21:44:30.707028+00:00 DEBUG 'ansible_navigator.main' Completed post processing for help_inventory. (changed=False)
2025-12-25T21:44:30.707045+00:00 DEBUG 'ansible_navigator.main' Completed post processing for help_playbook. (changed=False)
2025-12-25T21:44:30.707062+00:00 DEBUG 'ansible_navigator.main' Completed post processing for images_details. (changed=False)
2025-12-25T21:44:30.707079+00:00 DEBUG 'ansible_navigator.main' Completed post processing for inventory. (changed=True)
2025-12-25T21:44:30.707097+00:00 DEBUG 'ansible_navigator.main'  before: 'Not set'
2025-12-25T21:44:30.707114+00:00 DEBUG 'ansible_navigator.main'  after: '['/home/student/troubleshoot-host/inventory']'
2025-12-25T21:44:30.707131+00:00 DEBUG 'ansible_navigator.main' Completed post processing for inventory_column. (changed=False)
2025-12-25T21:44:30.707149+00:00 DEBUG 'ansible_navigator.main' Completed post processing for log_file. (changed=False)
2025-12-25T21:44:30.707165+00:00 DEBUG 'ansible_navigator.main' Completed post processing for pass_environment_variable. (changed=False)
2025-12-25T21:44:30.707183+00:00 DEBUG 'ansible_navigator.main' Completed post processing for playbook. (changed=True)
2025-12-25T21:44:30.707217+00:00 DEBUG 'ansible_navigator.main'  before: 'samba.yml'
2025-12-25T21:44:30.707236+00:00 DEBUG 'ansible_navigator.main'  after: '/home/student/troubleshoot-host/samba.yml'
2025-12-25T21:44:30.707258+00:00 DEBUG 'ansible_navigator.main' Completed post processing for playbook_artifact_replay. (changed=False)
2025-12-25T21:44:30.707277+00:00 DEBUG 'ansible_navigator.main' Completed post processing for playbook_artifact_save_as. (changed=False)
2025-12-25T21:44:30.707295+00:00 DEBUG 'ansible_navigator.main' Completed post processing for plugin_name. (changed=False)
2025-12-25T21:44:30.707313+00:00 DEBUG 'ansible_navigator.main' Completed post processing for pull_arguments. (changed=False)
2025-12-25T21:44:30.707332+00:00 DEBUG 'ansible_navigator.main' Completed post processing for set_environment_variable. (changed=False)
2025-12-25T21:44:30.707350+00:00 DEBUG 'ansible_navigator.main' Completed post processing for settings_effective. (changed=False)
2025-12-25T21:44:30.707368+00:00 DEBUG 'ansible_navigator.main' Completed post processing for settings_sample. (changed=False)
2025-12-25T21:44:30.707387+00:00 DEBUG 'ansible_navigator.main' Completed post processing for settings_schema. (changed=False)
2025-12-25T21:44:30.707405+00:00 DEBUG 'ansible_navigator.main' Completed post processing for settings_sources. (changed=False)
2025-12-25T21:44:30.707423+00:00 DEBUG 'ansible_navigator.main' Completed post processing for time_zone. (changed=False)
2025-12-25T21:44:30.707441+00:00 DEBUG 'ansible_navigator.main' Completed post processing for execution_environment_volume_mounts. (changed=False)
2025-12-25T21:44:30.707460+00:00 DEBUG 'ansible_navigator.main' Completed post processing for mode. (changed=False)
2025-12-25T21:44:30.707481+00:00 WARNING 'ansible_navigator.main' Configuration errors encountered, rolling back to previous configuration.
2025-12-25T21:44:30.707500+00:00 DEBUG 'ansible_navigator.main' Prior to rollback: ansible_runner_artifact_dir = 'Not set' (Constants/Not set)
2025-12-25T21:44:30.707518+00:00 DEBUG 'ansible_navigator.main' Prior to rollback: ansible_runner_rotate_artifacts_count = 'Not set' (Constants/Not set)
2025-12-25T21:44:30.707536+00:00 DEBUG 'ansible_navigator.main' Prior to rollback: ansible_runner_timeout = 'Not set' (Constants/Not set)
2025-12-25T21:44:30.707554+00:00 DEBUG 'ansible_navigator.main' Prior to rollback: app = 'run' (str/Command line)
2025-12-25T21:44:30.707572+00:00 DEBUG 'ansible_navigator.main' Prior to rollback: cmdline = '['-vvvv']' (list/Command line)
2025-12-25T21:44:30.707591+00:00 DEBUG 'ansible_navigator.main' Prior to rollback: collection_doc_cache_path = '/home/student/.cache/ansible-navigator/collection_doc_cache.db' (str/Defaults)
2025-12-25T21:44:30.707609+00:00 DEBUG 'ansible_navigator.main' Prior to rollback: config = 'Not set' (Constants/Not set)
2025-12-25T21:44:30.707631+00:00 DEBUG 'ansible_navigator.main' Prior to rollback: container_engine = 'podman' (str/Automatically determined)
2025-12-25T21:44:30.707650+00:00 DEBUG 'ansible_navigator.main' Prior to rollback: container_options = 'Not set' (Constants/Not set)
2025-12-25T21:44:30.707669+00:00 DEBUG 'ansible_navigator.main' Prior to rollback: display_color = 'True' (bool/Defaults)
2025-12-25T21:44:30.707687+00:00 DEBUG 'ansible_navigator.main' Prior to rollback: editor_command = 'vi +{line_number} {filename}' (str/Defaults)
2025-12-25T21:44:30.707705+00:00 DEBUG 'ansible_navigator.main' Prior to rollback: editor_console = 'True' (bool/Defaults)
2025-12-25T21:44:30.707724+00:00 DEBUG 'ansible_navigator.main' Prior to rollback: exec_command = '/bin/bash' (str/Defaults)
2025-12-25T21:44:30.707742+00:00 DEBUG 'ansible_navigator.main' Prior to rollback: exec_shell = 'True' (bool/Defaults)
2025-12-25T21:44:30.707760+00:00 DEBUG 'ansible_navigator.main' Prior to rollback: execution_environment = 'True' (bool/Defaults)
2025-12-25T21:44:30.707778+00:00 DEBUG 'ansible_navigator.main' Prior to rollback: execution_environment_image = 'utility.lab.example.com/ee-supported-rhel8:latest' (str/Settings file)
2025-12-25T21:44:30.707821+00:00 DEBUG 'ansible_navigator.main' Prior to rollback: execution_environment_volume_mounts = 'Not set' (Constants/Not set)
2025-12-25T21:44:30.707840+00:00 DEBUG 'ansible_navigator.main' Prior to rollback: help_builder = 'False' (bool/Defaults)
2025-12-25T21:44:30.707859+00:00 DEBUG 'ansible_navigator.main' Prior to rollback: help_config = 'False' (bool/Defaults)
2025-12-25T21:44:30.707877+00:00 DEBUG 'ansible_navigator.main' Prior to rollback: help_doc = 'False' (bool/Defaults)
2025-12-25T21:44:30.707896+00:00 DEBUG 'ansible_navigator.main' Prior to rollback: help_inventory = 'False' (bool/Defaults)
2025-12-25T21:44:30.707915+00:00 DEBUG 'ansible_navigator.main' Prior to rollback: help_playbook = 'False' (bool/Defaults)
2025-12-25T21:44:30.707933+00:00 DEBUG 'ansible_navigator.main' Prior to rollback: images_details = '['everything']' (list/Defaults)
2025-12-25T21:44:30.707952+00:00 DEBUG 'ansible_navigator.main' Prior to rollback: inventory = '['/home/student/troubleshoot-host/inventory']' (list/Ansible configuration file)
2025-12-25T21:44:30.707971+00:00 DEBUG 'ansible_navigator.main' Prior to rollback: inventory_column = 'Not set' (Constants/Not set)
2025-12-25T21:44:30.707990+00:00 DEBUG 'ansible_navigator.main' Prior to rollback: lint_config = 'Not set' (Constants/Not set)
2025-12-25T21:44:30.708009+00:00 DEBUG 'ansible_navigator.main' Prior to rollback: lintables = 'Not set' (Constants/Not set)
2025-12-25T21:44:30.708027+00:00 DEBUG 'ansible_navigator.main' Prior to rollback: log_append = 'True' (bool/Defaults)
2025-12-25T21:44:30.708046+00:00 DEBUG 'ansible_navigator.main' Prior to rollback: log_file = '/home/student/troubleshoot-host/ansible-navigator.log' (str/Defaults)
2025-12-25T21:44:30.708066+00:00 DEBUG 'ansible_navigator.main' Prior to rollback: log_level = 'warning' (str/Defaults)
2025-12-25T21:44:30.708084+00:00 DEBUG 'ansible_navigator.main' Prior to rollback: mode = 'stdoud' (str/Command line)
2025-12-25T21:44:30.708103+00:00 DEBUG 'ansible_navigator.main' Prior to rollback: osc4 = 'True' (bool/Defaults)
2025-12-25T21:44:30.708122+00:00 DEBUG 'ansible_navigator.main' Prior to rollback: pass_environment_variable = 'Not set' (Constants/Not set)
2025-12-25T21:44:30.708141+00:00 DEBUG 'ansible_navigator.main' Prior to rollback: playbook = '/home/student/troubleshoot-host/samba.yml' (str/Command line)
2025-12-25T21:44:30.708160+00:00 DEBUG 'ansible_navigator.main' Prior to rollback: playbook_artifact_enable = 'True' (bool/Defaults)
2025-12-25T21:44:30.708179+00:00 DEBUG 'ansible_navigator.main' Prior to rollback: playbook_artifact_replay = 'Not set' (Constants/Not set)
2025-12-25T21:44:30.708197+00:00 DEBUG 'ansible_navigator.main' Prior to rollback: playbook_artifact_save_as = '{playbook_dir}/{playbook_name}-artifact-{time_stamp}.json' (str/Defaults)
2025-12-25T21:44:30.708220+00:00 DEBUG 'ansible_navigator.main' Prior to rollback: plugin_name = 'Not set' (Constants/Not set)
2025-12-25T21:44:30.708239+00:00 DEBUG 'ansible_navigator.main' Prior to rollback: plugin_type = 'module' (str/Defaults)
2025-12-25T21:44:30.708263+00:00 DEBUG 'ansible_navigator.main' Prior to rollback: pull_arguments = 'Not set' (Constants/Not set)
2025-12-25T21:44:30.708282+00:00 DEBUG 'ansible_navigator.main' Prior to rollback: pull_policy = 'missing' (str/Settings file)
2025-12-25T21:44:30.708301+00:00 DEBUG 'ansible_navigator.main' Prior to rollback: set_environment_variable = 'Not set' (Constants/Not set)
2025-12-25T21:44:30.708320+00:00 DEBUG 'ansible_navigator.main' Prior to rollback: settings_effective = 'False' (bool/Defaults)
2025-12-25T21:44:30.708339+00:00 DEBUG 'ansible_navigator.main' Prior to rollback: settings_sample = 'False' (bool/Defaults)
2025-12-25T21:44:30.708358+00:00 DEBUG 'ansible_navigator.main' Prior to rollback: settings_schema = 'json' (str/Defaults)
2025-12-25T21:44:30.708376+00:00 DEBUG 'ansible_navigator.main' Prior to rollback: settings_sources = 'False' (bool/Defaults)
2025-12-25T21:44:30.708395+00:00 DEBUG 'ansible_navigator.main' Prior to rollback: time_zone = 'UTC' (str/Defaults)
2025-12-25T21:44:30.708414+00:00 DEBUG 'ansible_navigator.main' Prior to rollback: workdir = '/home/student/troubleshoot-host' (str/Defaults)
2025-12-25T21:44:30.708433+00:00 DEBUG 'ansible_navigator.main' After rollback: ansible_runner_artifact_dir = 'Not set' (Constants/Not set)
2025-12-25T21:44:30.708452+00:00 DEBUG 'ansible_navigator.main' After rollback: ansible_runner_rotate_artifacts_count = 'Not set' (Constants/Not set)
2025-12-25T21:44:30.708471+00:00 DEBUG 'ansible_navigator.main' After rollback: ansible_runner_timeout = 'Not set' (Constants/Not set)
2025-12-25T21:44:30.708490+00:00 DEBUG 'ansible_navigator.main' After rollback: app = 'Not set' (Constants/Not set)
2025-12-25T21:44:30.708508+00:00 DEBUG 'ansible_navigator.main' After rollback: cmdline = 'Not set' (Constants/Not set)
2025-12-25T21:44:30.708527+00:00 DEBUG 'ansible_navigator.main' After rollback: collection_doc_cache_path = 'Not set' (Constants/Not set)
2025-12-25T21:44:30.708545+00:00 DEBUG 'ansible_navigator.main' After rollback: config = 'Not set' (Constants/Not set)
2025-12-25T21:44:30.708565+00:00 DEBUG 'ansible_navigator.main' After rollback: container_engine = 'Not set' (Constants/Not set)
2025-12-25T21:44:30.708583+00:00 DEBUG 'ansible_navigator.main' After rollback: container_options = 'Not set' (Constants/Not set)
2025-12-25T21:44:30.708602+00:00 DEBUG 'ansible_navigator.main' After rollback: display_color = 'Not set' (Constants/Not set)
2025-12-25T21:44:30.708621+00:00 DEBUG 'ansible_navigator.main' After rollback: editor_command = 'Not set' (Constants/Not set)
2025-12-25T21:44:30.708652+00:00 DEBUG 'ansible_navigator.main' After rollback: editor_console = 'Not set' (Constants/Not set)
2025-12-25T21:44:30.708670+00:00 DEBUG 'ansible_navigator.main' After rollback: exec_command = 'Not set' (Constants/Not set)
2025-12-25T21:44:30.708688+00:00 DEBUG 'ansible_navigator.main' After rollback: exec_shell = 'Not set' (Constants/Not set)
2025-12-25T21:44:30.708707+00:00 DEBUG 'ansible_navigator.main' After rollback: execution_environment = 'Not set' (Constants/Not set)
2025-12-25T21:44:30.708725+00:00 DEBUG 'ansible_navigator.main' After rollback: execution_environment_image = 'Not set' (Constants/Not set)
2025-12-25T21:44:30.708743+00:00 DEBUG 'ansible_navigator.main' After rollback: execution_environment_volume_mounts = 'Not set' (Constants/Not set)
2025-12-25T21:44:30.708762+00:00 DEBUG 'ansible_navigator.main' After rollback: help_builder = 'Not set' (Constants/Not set)
2025-12-25T21:44:30.708780+00:00 DEBUG 'ansible_navigator.main' After rollback: help_config = 'Not set' (Constants/Not set)
2025-12-25T21:44:30.708849+00:00 DEBUG 'ansible_navigator.main' After rollback: help_doc = 'Not set' (Constants/Not set)
2025-12-25T21:44:30.708869+00:00 DEBUG 'ansible_navigator.main' After rollback: help_inventory = 'Not set' (Constants/Not set)
2025-12-25T21:44:30.708892+00:00 DEBUG 'ansible_navigator.main' After rollback: help_playbook = 'Not set' (Constants/Not set)
2025-12-25T21:44:30.708911+00:00 DEBUG 'ansible_navigator.main' After rollback: images_details = 'Not set' (Constants/Not set)
2025-12-25T21:44:30.708929+00:00 DEBUG 'ansible_navigator.main' After rollback: inventory = 'Not set' (Constants/Not set)
2025-12-25T21:44:30.708947+00:00 DEBUG 'ansible_navigator.main' After rollback: inventory_column = 'Not set' (Constants/Not set)
2025-12-25T21:44:30.708965+00:00 DEBUG 'ansible_navigator.main' After rollback: lint_config = 'Not set' (Constants/Not set)
2025-12-25T21:44:30.708984+00:00 DEBUG 'ansible_navigator.main' After rollback: lintables = 'Not set' (Constants/Not set)
2025-12-25T21:44:30.709002+00:00 DEBUG 'ansible_navigator.main' After rollback: log_append = 'Not set' (Constants/Not set)
2025-12-25T21:44:30.709031+00:00 DEBUG 'ansible_navigator.main' After rollback: log_file = 'Not set' (Constants/Not set)
2025-12-25T21:44:30.709048+00:00 DEBUG 'ansible_navigator.main' After rollback: log_level = 'Not set' (Constants/Not set)
2025-12-25T21:44:30.709065+00:00 DEBUG 'ansible_navigator.main' After rollback: mode = 'Not set' (Constants/Not set)
2025-12-25T21:44:30.709083+00:00 DEBUG 'ansible_navigator.main' After rollback: osc4 = 'Not set' (Constants/Not set)
2025-12-25T21:44:30.709100+00:00 DEBUG 'ansible_navigator.main' After rollback: pass_environment_variable = 'Not set' (Constants/Not set)
2025-12-25T21:44:30.709117+00:00 DEBUG 'ansible_navigator.main' After rollback: playbook = 'Not set' (Constants/Not set)
2025-12-25T21:44:30.709135+00:00 DEBUG 'ansible_navigator.main' After rollback: playbook_artifact_enable = 'Not set' (Constants/Not set)
2025-12-25T21:44:30.709152+00:00 DEBUG 'ansible_navigator.main' After rollback: playbook_artifact_replay = 'Not set' (Constants/Not set)
2025-12-25T21:44:30.709170+00:00 DEBUG 'ansible_navigator.main' After rollback: playbook_artifact_save_as = 'Not set' (Constants/Not set)
2025-12-25T21:44:30.709187+00:00 DEBUG 'ansible_navigator.main' After rollback: plugin_name = 'Not set' (Constants/Not set)
2025-12-25T21:44:30.709205+00:00 DEBUG 'ansible_navigator.main' After rollback: plugin_type = 'Not set' (Constants/Not set)
2025-12-25T21:44:30.709222+00:00 DEBUG 'ansible_navigator.main' After rollback: pull_arguments = 'Not set' (Constants/Not set)
2025-12-25T21:44:30.709239+00:00 DEBUG 'ansible_navigator.main' After rollback: pull_policy = 'Not set' (Constants/Not set)
2025-12-25T21:44:30.709262+00:00 DEBUG 'ansible_navigator.main' After rollback: set_environment_variable = 'Not set' (Constants/Not set)
2025-12-25T21:44:30.709280+00:00 DEBUG 'ansible_navigator.main' After rollback: settings_effective = 'Not set' (Constants/Not set)
2025-12-25T21:44:30.709297+00:00 DEBUG 'ansible_navigator.main' After rollback: settings_sample = 'Not set' (Constants/Not set)
2025-12-25T21:44:30.709314+00:00 DEBUG 'ansible_navigator.main' After rollback: settings_schema = 'Not set' (Constants/Not set)
2025-12-25T21:44:30.709332+00:00 DEBUG 'ansible_navigator.main' After rollback: settings_sources = 'Not set' (Constants/Not set)
2025-12-25T21:44:30.709349+00:00 DEBUG 'ansible_navigator.main' After rollback: time_zone = 'Not set' (Constants/Not set)
2025-12-25T21:44:30.709366+00:00 DEBUG 'ansible_navigator.main' After rollback: workdir = 'Not set' (Constants/Not set)
2025-12-25T21:44:30.709384+00:00 DEBUG 'ansible_navigator.main' Configuration rollback complete.
2025-12-25T21:44:30.709401+00:00 DEBUG 'ansible_navigator.main' Collection doc cache not mounted
2025-12-25T21:44:30.709426+00:00 WARNING 'ansible_navigator.main' Issues were found while applying the settings.
2025-12-25T21:44:30.709447+00:00 INFO 'ansible_navigator.main' Command provided: 'run samba.yml -m stdoud -vvvv'
2025-12-25T21:44:30.709468+00:00 ERROR 'ansible_navigator.main' The setting 'mode' must be one of 'stdout' or 'interactive', but set as 'stdoud'. (Command line)
2025-12-25T21:44:30.709492+00:00 INFO 'ansible_navigator.main' Try again with '-m stdout' or '-m interactive'
2025-12-25T21:44:30.709513+00:00 INFO 'ansible_navigator.main' Configuration failed, using default log file location. (/home/student/troubleshoot-host/ansible-navigator.log) Log level set to debug
2025-12-25T21:44:30.709532+00:00 INFO 'ansible_navigator.main' Review the hints and log file to see what went wrong.
2025-12-25T21:44:51.459575+00:00 CRITICAL 'ansible_navigator.actions.run_playbook._handle_message' Unhandled message from runner queue, discarded: {'event': 'verbose', 'uuid': '04c9f068-bc51-48e9-ab0e-d0b9edb8e4eb', 'counter': 1, 'stdout': '\x1b[0;34mansible-playbook [core 2.13.3]\x1b[0m', 'start_line': 0, 'end_line': 1, 'runner_ident': 'b4b1faf9-77d3-4646-b7fd-6fc919a40ace', 'created': '2025-12-25T21:44:51.453484'}
2025-12-25T21:44:51.460543+00:00 CRITICAL 'ansible_navigator.actions.run_playbook._handle_message' Unhandled message from runner queue, discarded: {'event': 'verbose', 'uuid': 'dbaea4d6-6fca-4480-bd19-9a6a41d885df', 'counter': 2, 'stdout': '\x1b[0;34m  config file = /home/student/troubleshoot-host/ansible.cfg\x1b[0m', 'start_line': 1, 'end_line': 2, 'runner_ident': 'b4b1faf9-77d3-4646-b7fd-6fc919a40ace', 'created': '2025-12-25T21:44:51.453749'}
2025-12-25T21:44:51.460656+00:00 CRITICAL 'ansible_navigator.actions.run_playbook._handle_message' Unhandled message from runner queue, discarded: {'event': 'verbose', 'uuid': '1deca50e-8f8e-49bb-b753-fd56a80aa980', 'counter': 3, 'stdout': "\x1b[0;34m  configured module search path = ['/home/runner/.ansible/plugins/modules', '/usr/share/ansible/plugins/modules']\x1b[0m", 'start_line': 2, 'end_line': 3, 'runner_ident': 'b4b1faf9-77d3-4646-b7fd-6fc919a40ace', 'created': '2025-12-25T21:44:51.453819'}
2025-12-25T21:44:51.460726+00:00 CRITICAL 'ansible_navigator.actions.run_playbook._handle_message' Unhandled message from runner queue, discarded: {'event': 'verbose', 'uuid': '85006ca7-99fc-4a90-960d-727d0b762c6c', 'counter': 4, 'stdout': '\x1b[0;34m  ansible python module location = /usr/lib/python3.9/site-packages/ansible\x1b[0m', 'start_line': 3, 'end_line': 4, 'runner_ident': 'b4b1faf9-77d3-4646-b7fd-6fc919a40ace', 'created': '2025-12-25T21:44:51.453868'}
2025-12-25T21:44:51.460810+00:00 CRITICAL 'ansible_navigator.actions.run_playbook._handle_message' Unhandled message from runner queue, discarded: {'event': 'verbose', 'uuid': '6a697ee3-da8f-4154-9637-79abf5eea4a4', 'counter': 5, 'stdout': '\x1b[0;34m  ansible collection location = /home/runner/.ansible/collections:/usr/share/ansible/collections\x1b[0m', 'start_line': 4, 'end_line': 5, 'runner_ident': 'b4b1faf9-77d3-4646-b7fd-6fc919a40ace', 'created': '2025-12-25T21:44:51.453911'}
2025-12-25T21:44:51.461010+00:00 CRITICAL 'ansible_navigator.actions.run_playbook._handle_message' Unhandled message from runner queue, discarded: {'event': 'verbose', 'uuid': '3658e7fd-2b3b-4896-8d21-0faf3a957268', 'counter': 6, 'stdout': '\x1b[0;34m  executable location = /usr/bin/ansible-playbook\x1b[0m', 'start_line': 5, 'end_line': 6, 'runner_ident': 'b4b1faf9-77d3-4646-b7fd-6fc919a40ace', 'created': '2025-12-25T21:44:51.453953'}
2025-12-25T21:44:51.461286+00:00 CRITICAL 'ansible_navigator.actions.run_playbook._handle_message' Unhandled message from runner queue, discarded: {'event': 'verbose', 'uuid': 'd32422c3-6563-4bf5-b129-69081a21f2d6', 'counter': 7, 'stdout': '\x1b[0;34m  python version = 3.9.7 (default, Sep 13 2021, 08:18:39) [GCC 8.5.0 20210514 (Red Hat 8.5.0-3)]\x1b[0m', 'start_line': 6, 'end_line': 7, 'runner_ident': 'b4b1faf9-77d3-4646-b7fd-6fc919a40ace', 'created': '2025-12-25T21:44:51.453993'}
2025-12-25T21:44:51.461646+00:00 CRITICAL 'ansible_navigator.actions.run_playbook._handle_message' Unhandled message from runner queue, discarded: {'event': 'verbose', 'uuid': 'd77dc258-ba89-4a3f-8240-a819cb510d56', 'counter': 8, 'stdout': '\x1b[0;34m  jinja version = 3.0.3\x1b[0m', 'start_line': 7, 'end_line': 8, 'runner_ident': 'b4b1faf9-77d3-4646-b7fd-6fc919a40ace', 'created': '2025-12-25T21:44:51.454034'}
2025-12-25T21:44:51.461930+00:00 CRITICAL 'ansible_navigator.actions.run_playbook._handle_message' Unhandled message from runner queue, discarded: {'event': 'verbose', 'uuid': '86599956-8c92-4ada-814d-637b4cc4b78f', 'counter': 9, 'stdout': '\x1b[0;34m  libyaml = True\x1b[0m', 'start_line': 8, 'end_line': 9, 'runner_ident': 'b4b1faf9-77d3-4646-b7fd-6fc919a40ace', 'created': '2025-12-25T21:44:51.454074'}
2025-12-25T21:44:51.462264+00:00 CRITICAL 'ansible_navigator.actions.run_playbook._handle_message' Unhandled message from runner queue, discarded: {'event': 'verbose', 'uuid': 'ca375007-558b-4447-a2b7-0f9cd19cdb45', 'counter': 10, 'stdout': '\x1b[0;34mUsing /home/student/troubleshoot-host/ansible.cfg as config file\x1b[0m', 'start_line': 9, 'end_line': 10, 'runner_ident': 'b4b1faf9-77d3-4646-b7fd-6fc919a40ace', 'created': '2025-12-25T21:44:51.454120'}
2025-12-25T21:44:51.462498+00:00 CRITICAL 'ansible_navigator.actions.run_playbook._handle_message' Unhandled message from runner queue, discarded: {'event': 'verbose', 'uuid': 'b985061a-42ee-46b6-a107-624631d5624a', 'counter': 11, 'stdout': '\x1b[0;34msetting up inventory plugins\x1b[0m', 'start_line': 10, 'end_line': 11, 'runner_ident': 'b4b1faf9-77d3-4646-b7fd-6fc919a40ace', 'created': '2025-12-25T21:44:51.454162'}
2025-12-25T21:44:51.462614+00:00 CRITICAL 'ansible_navigator.actions.run_playbook._handle_message' Unhandled message from runner queue, discarded: {'event': 'verbose', 'uuid': 'aca58452-92e7-43ca-9f10-6aa06e49daf8', 'counter': 12, 'stdout': '\x1b[0;34mhost_list declined parsing /home/student/troubleshoot-host/inventory as it did not pass its verify_file() method\x1b[0m', 'start_line': 11, 'end_line': 12, 'runner_ident': 'b4b1faf9-77d3-4646-b7fd-6fc919a40ace', 'created': '2025-12-25T21:44:51.461744'}
2025-12-25T21:44:51.462793+00:00 CRITICAL 'ansible_navigator.actions.run_playbook._handle_message' Unhandled message from runner queue, discarded: {'event': 'verbose', 'uuid': '63343e01-d53a-4a6a-b762-8c607429e3f2', 'counter': 13, 'stdout': '\x1b[0;34mscript declined parsing /home/student/troubleshoot-host/inventory as it did not pass its verify_file() method\x1b[0m', 'start_line': 12, 'end_line': 13, 'runner_ident': 'b4b1faf9-77d3-4646-b7fd-6fc919a40ace', 'created': '2025-12-25T21:44:51.462111'}
2025-12-25T21:44:51.462866+00:00 CRITICAL 'ansible_navigator.actions.run_playbook._handle_message' Unhandled message from runner queue, discarded: {'event': 'verbose', 'uuid': '51d56bc1-ca9b-4277-9df3-271d304d90c1', 'counter': 14, 'stdout': '\x1b[0;34mauto declined parsing /home/student/troubleshoot-host/inventory as it did not pass its verify_file() method\x1b[0m', 'start_line': 13, 'end_line': 14, 'runner_ident': 'b4b1faf9-77d3-4646-b7fd-6fc919a40ace', 'created': '2025-12-25T21:44:51.462388'}
2025-12-25T21:44:51.473105+00:00 CRITICAL 'ansible_navigator.actions.run_playbook._handle_message' Unhandled message from runner queue, discarded: {'event': 'verbose', 'uuid': '3568f3ad-8420-47c6-8c7a-c9806b15e41c', 'counter': 15, 'stdout': '\x1b[0;34mParsed /home/student/troubleshoot-host/inventory inventory source with ini plugin\x1b[0m', 'start_line': 14, 'end_line': 15, 'runner_ident': 'b4b1faf9-77d3-4646-b7fd-6fc919a40ace', 'created': '2025-12-25T21:44:51.463492'}
2025-12-25T21:44:51.636248+00:00 CRITICAL 'ansible_navigator.actions.run_playbook._handle_message' Unhandled message from runner queue, discarded: {'event': 'verbose', 'uuid': '6601df96-aaf8-42ec-b814-6785e26f9209', 'counter': 16, 'stdout': '\x1b[0;34mLoading collection ansible.posix from /usr/share/ansible/collections/ansible_collections/ansible/posix\x1b[0m', 'start_line': 15, 'end_line': 16, 'runner_ident': 'b4b1faf9-77d3-4646-b7fd-6fc919a40ace', 'created': '2025-12-25T21:44:51.634411'}
2025-12-25T21:44:51.646558+00:00 CRITICAL 'ansible_navigator.actions.run_playbook._handle_message' Unhandled message from runner queue, discarded: {'event': 'verbose', 'uuid': 'd3f4aa20-3b1d-44ca-b519-00a4960b7521', 'counter': 17, 'stdout': '\x1b[0;34mLoading callback plugin default of type stdout, v2.0 from /usr/lib/python3.9/site-packages/ansible/plugins/callback/default.py\x1b[0m', 'start_line': 16, 'end_line': 17, 'runner_ident': 'b4b1faf9-77d3-4646-b7fd-6fc919a40ace', 'created': '2025-12-25T21:44:51.639683'}
