2025-12-29T01:13:25.562029+00:00 INFO 'ansible_navigator.setup_logger' New ansible-navigator instance, logging initialized
2025-12-29T01:13:25.562260+00:00 INFO 'ansible_navigator.setup_logger' New ansible-runner instance, logging initialized
2025-12-29T01:13:25.562298+00:00 DEBUG 'ansible_navigator.main' ansible-builder==1.1.0 /usr/lib/python3.9/site-packages
2025-12-29T01:13:25.562322+00:00 DEBUG 'ansible_navigator.main' ansible-core==2.13.0 /usr/lib/python3.9/site-packages
2025-12-29T01:13:25.562343+00:00 DEBUG 'ansible_navigator.main' ansible-navigator==2.1.0 /usr/lib/python3.9/site-packages
2025-12-29T01:13:25.562362+00:00 DEBUG 'ansible_navigator.main' ansible-runner==2.2.0 /usr/lib/python3.9/site-packages
2025-12-29T01:13:25.562381+00:00 DEBUG 'ansible_navigator.main' attrs==21.4.0 /usr/lib/python3.9/site-packages
2025-12-29T01:13:25.562399+00:00 DEBUG 'ansible_navigator.main' babel==2.9.1 /usr/lib/python3.9/site-packages
2025-12-29T01:13:25.562417+00:00 DEBUG 'ansible_navigator.main' bindep==2.10.2 /usr/lib/python3.9/site-packages
2025-12-29T01:13:25.562435+00:00 DEBUG 'ansible_navigator.main' brlapi==0.8.2 /usr/lib64/python3.9/site-packages
2025-12-29T01:13:25.562453+00:00 DEBUG 'ansible_navigator.main' certifi==2020.6.20 /usr/lib/python3.9/site-packages
2025-12-29T01:13:25.562470+00:00 DEBUG 'ansible_navigator.main' cffi==1.15.0 /usr/lib64/python3.9/site-packages
2025-12-29T01:13:25.562488+00:00 DEBUG 'ansible_navigator.main' chardet==4.0.0 /usr/lib/python3.9/site-packages
2025-12-29T01:13:25.562505+00:00 DEBUG 'ansible_navigator.main' charset-normalizer==2.0.11 /usr/lib/python3.9/site-packages
2025-12-29T01:13:25.562523+00:00 DEBUG 'ansible_navigator.main' chrome-gnome-shell==0.0.0 /usr/lib/python3.9/site-packages
2025-12-29T01:13:25.562541+00:00 DEBUG 'ansible_navigator.main' cloud-init==21.1 /usr/lib/python3.9/site-packages
2025-12-29T01:13:25.562558+00:00 DEBUG 'ansible_navigator.main' configobj==5.0.6 /usr/lib/python3.9/site-packages
2025-12-29T01:13:25.562575+00:00 DEBUG 'ansible_navigator.main' cryptography==36.0.1 /usr/lib64/python3.9/site-packages
2025-12-29T01:13:25.562593+00:00 DEBUG 'ansible_navigator.main' cupshelpers==1.0 /usr/lib/python3.9/site-packages
2025-12-29T01:13:25.562610+00:00 DEBUG 'ansible_navigator.main' dasbus==1.4 /usr/lib/python3.9/site-packages
2025-12-29T01:13:25.562628+00:00 DEBUG 'ansible_navigator.main' dbus-python==1.2.18 /usr/lib64/python3.9/site-packages
2025-12-29T01:13:25.562646+00:00 DEBUG 'ansible_navigator.main' decorator==4.4.2 /usr/lib/python3.9/site-packages
2025-12-29T01:13:25.562663+00:00 DEBUG 'ansible_navigator.main' distlib==0.3.4 /usr/local/lib/python3.9/site-packages
2025-12-29T01:13:25.562680+00:00 DEBUG 'ansible_navigator.main' distro==1.6.0 /usr/lib/python3.9/site-packages
2025-12-29T01:13:25.562698+00:00 DEBUG 'ansible_navigator.main' docutils==0.16 /usr/lib/python3.9/site-packages
2025-12-29T01:13:25.562715+00:00 DEBUG 'ansible_navigator.main' ethtool==0.15 /usr/lib64/python3.9/site-packages
2025-12-29T01:13:25.562732+00:00 DEBUG 'ansible_navigator.main' file-magic==0.4.0 /usr/lib/python3.9/site-packages
2025-12-29T01:13:25.562750+00:00 DEBUG 'ansible_navigator.main' filelock==3.7.0 /usr/local/lib/python3.9/site-packages
2025-12-29T01:13:25.562767+00:00 DEBUG 'ansible_navigator.main' gpg==1.15.1 /usr/lib64/python3.9/site-packages
2025-12-29T01:13:25.562785+00:00 DEBUG 'ansible_navigator.main' idna==3.3 /usr/lib/python3.9/site-packages
2025-12-29T01:13:25.562802+00:00 DEBUG 'ansible_navigator.main' iniparse==0.4 /usr/lib/python3.9/site-packages
2025-12-29T01:13:25.562842+00:00 DEBUG 'ansible_navigator.main' jinja2==3.0.3 /usr/lib/python3.9/site-packages
2025-12-29T01:13:25.562885+00:00 DEBUG 'ansible_navigator.main' jsonpatch==1.21 /usr/lib/python3.9/site-packages
2025-12-29T01:13:25.562904+00:00 DEBUG 'ansible_navigator.main' jsonpointer==2.0 /usr/lib/python3.9/site-packages
2025-12-29T01:13:25.562922+00:00 DEBUG 'ansible_navigator.main' jsonschema==3.2.0 /usr/lib/python3.9/site-packages
2025-12-29T01:13:25.562940+00:00 DEBUG 'ansible_navigator.main' libcomps==0.1.18 /usr/lib64/python3.9/site-packages
2025-12-29T01:13:25.562965+00:00 DEBUG 'ansible_navigator.main' lockfile==0.12.2 /usr/lib/python3.9/site-packages
2025-12-29T01:13:25.562984+00:00 DEBUG 'ansible_navigator.main' lxml==4.6.5 /usr/lib64/python3.9/site-packages
2025-12-29T01:13:25.563002+00:00 DEBUG 'ansible_navigator.main' markupsafe==2.1.0 /usr/lib64/python3.9/site-packages
2025-12-29T01:13:25.563029+00:00 DEBUG 'ansible_navigator.main' netifaces==0.10.6 /usr/lib64/python3.9/site-packages
2025-12-29T01:13:25.563047+00:00 DEBUG 'ansible_navigator.main' nftables==0.1 /usr/lib/python3.9/site-packages
2025-12-29T01:13:25.563066+00:00 DEBUG 'ansible_navigator.main' oauthlib==3.1.1 /usr/lib/python3.9/site-packages
2025-12-29T01:13:25.563084+00:00 DEBUG 'ansible_navigator.main' onigurumacffi==1.1.0 /usr/lib64/python3.9/site-packages
2025-12-29T01:13:25.563102+00:00 DEBUG 'ansible_navigator.main' packaging==21.2 /usr/lib/python3.9/site-packages
2025-12-29T01:13:25.563120+00:00 DEBUG 'ansible_navigator.main' parsley==1.3 /usr/lib/python3.9/site-packages
2025-12-29T01:13:25.563138+00:00 DEBUG 'ansible_navigator.main' pbr==5.8.1 /usr/lib/python3.9/site-packages
2025-12-29T01:13:25.563157+00:00 DEBUG 'ansible_navigator.main' perf==0.1 /usr/lib64/python3.9/site-packages
2025-12-29T01:13:25.563175+00:00 DEBUG 'ansible_navigator.main' pexpect==4.8.0 /usr/lib/python3.9/site-packages
2025-12-29T01:13:25.563193+00:00 DEBUG 'ansible_navigator.main' pip==21.2.3 /usr/lib/python3.9/site-packages
2025-12-29T01:13:25.563211+00:00 DEBUG 'ansible_navigator.main' platformdirs==2.5.2 /usr/local/lib/python3.9/site-packages
2025-12-29T01:13:25.563229+00:00 DEBUG 'ansible_navigator.main' prettytable==0.7.2 /usr/lib/python3.9/site-packages
2025-12-29T01:13:25.563247+00:00 DEBUG 'ansible_navigator.main' psutil==5.8.0 /usr/lib64/python3.9/site-packages
2025-12-29T01:13:25.563266+00:00 DEBUG 'ansible_navigator.main' ptyprocess==0.6.0 /usr/lib/python3.9/site-packages
2025-12-29T01:13:25.563283+00:00 DEBUG 'ansible_navigator.main' pycairo==1.20.0 /usr/lib64/python3.9/site-packages
2025-12-29T01:13:25.563301+00:00 DEBUG 'ansible_navigator.main' pycparser==2.21 /usr/lib/python3.9/site-packages
2025-12-29T01:13:25.563319+00:00 DEBUG 'ansible_navigator.main' pycups==2.0.1 /usr/lib64/python3.9/site-packages
2025-12-29T01:13:25.563338+00:00 DEBUG 'ansible_navigator.main' pycurl==7.43.0.6 /usr/lib64/python3.9/site-packages
2025-12-29T01:13:25.563355+00:00 DEBUG 'ansible_navigator.main' pyenchant==3.2.0 /usr/lib/python3.9/site-packages
2025-12-29T01:13:25.563374+00:00 DEBUG 'ansible_navigator.main' pygobject==3.40.1 /usr/lib64/python3.9/site-packages
2025-12-29T01:13:25.563391+00:00 DEBUG 'ansible_navigator.main' pyinotify==0.9.6 /usr/lib/python3.9/site-packages
2025-12-29T01:13:25.563409+00:00 DEBUG 'ansible_navigator.main' pyopenssl==19.1.0 /usr/lib/python3.9/site-packages
2025-12-29T01:13:25.563427+00:00 DEBUG 'ansible_navigator.main' pyparsing==2.4.7 /usr/lib/python3.9/site-packages
2025-12-29T01:13:25.563445+00:00 DEBUG 'ansible_navigator.main' pyrsistent==0.17.3 /usr/lib64/python3.9/site-packages
2025-12-29T01:13:25.563463+00:00 DEBUG 'ansible_navigator.main' pyserial==3.4 /usr/lib/python3.9/site-packages
2025-12-29T01:13:25.563482+00:00 DEBUG 'ansible_navigator.main' pysocks==1.7.1 /usr/lib/python3.9/site-packages
2025-12-29T01:13:25.563499+00:00 DEBUG 'ansible_navigator.main' python-daemon==2.3.0 /usr/lib/python3.9/site-packages
2025-12-29T01:13:25.563518+00:00 DEBUG 'ansible_navigator.main' python-dateutil==2.8.1 /usr/lib/python3.9/site-packages
2025-12-29T01:13:25.563536+00:00 DEBUG 'ansible_navigator.main' python-dmidecode==3.12.2 /usr/lib64/python3.9/site-packages
2025-12-29T01:13:25.563554+00:00 DEBUG 'ansible_navigator.main' python-linux-procfs==0.7.0 /usr/lib/python3.9/site-packages
2025-12-29T01:13:25.563572+00:00 DEBUG 'ansible_navigator.main' pytz==2021.3 /usr/lib/python3.9/site-packages
2025-12-29T01:13:25.563590+00:00 DEBUG 'ansible_navigator.main' pyudev==0.22.0 /usr/lib/python3.9/site-packages
2025-12-29T01:13:25.563609+00:00 DEBUG 'ansible_navigator.main' pyxdg==0.27 /usr/lib/python3.9/site-packages
2025-12-29T01:13:25.563631+00:00 DEBUG 'ansible_navigator.main' pyyaml==5.4.1 /usr/lib64/python3.9/site-packages
2025-12-29T01:13:25.563650+00:00 DEBUG 'ansible_navigator.main' requests==2.27.1 /usr/lib/python3.9/site-packages
2025-12-29T01:13:25.563668+00:00 DEBUG 'ansible_navigator.main' requirements-parser==0.2.0 /usr/lib/python3.9/site-packages
2025-12-29T01:13:25.563687+00:00 DEBUG 'ansible_navigator.main' resolvelib==0.5.4 /usr/lib/python3.9/site-packages
2025-12-29T01:13:25.563705+00:00 DEBUG 'ansible_navigator.main' rpm==4.16.1.3 /usr/lib64/python3.9/site-packages
2025-12-29T01:13:25.563723+00:00 DEBUG 'ansible_navigator.main' selinux==3.3 /usr/lib64/python3.9/site-packages
2025-12-29T01:13:25.563742+00:00 DEBUG 'ansible_navigator.main' sepolicy==3.3 /usr/lib/python3.9/site-packages
2025-12-29T01:13:25.563760+00:00 DEBUG 'ansible_navigator.main' setools==4.4.0 /usr/lib64/python3.9/site-packages
2025-12-29T01:13:25.563778+00:00 DEBUG 'ansible_navigator.main' setroubleshoot==1.1 /usr/lib/python3.9/site-packages
2025-12-29T01:13:25.563796+00:00 DEBUG 'ansible_navigator.main' setuptools==53.0.0 /usr/lib/python3.9/site-packages
2025-12-29T01:13:25.563814+00:00 DEBUG 'ansible_navigator.main' six==1.16.0 /usr/lib/python3.9/site-packages
2025-12-29T01:13:25.563843+00:00 DEBUG 'ansible_navigator.main' sos==4.2 /usr/lib/python3.9/site-packages
2025-12-29T01:13:25.563862+00:00 DEBUG 'ansible_navigator.main' subscription-manager==1.29.26 /usr/lib64/python3.9/site-packages
2025-12-29T01:13:25.563880+00:00 DEBUG 'ansible_navigator.main' systemd-python==234 /usr/lib64/python3.9/site-packages
2025-12-29T01:13:25.563898+00:00 DEBUG 'ansible_navigator.main' urllib3==1.26.8 /usr/lib/python3.9/site-packages
2025-12-29T01:13:25.563916+00:00 DEBUG 'ansible_navigator.main' virtualenv==20.14.1 /usr/local/lib/python3.9/site-packages
2025-12-29T01:13:25.563935+00:00 DEBUG 'ansible_navigator.main' Share directory '/usr/lib/python3.9/share/ansible_navigator' not found (development path)
2025-12-29T01:13:25.563953+00:00 DEBUG 'ansible_navigator.main' Share directory '/home/student/.local/share/ansible_navigator' not found (userbase)
2025-12-29T01:13:25.563971+00:00 DEBUG 'ansible_navigator.main' Share directory '/usr/share/ansible_navigator' found (sys.prefix)
2025-12-29T01:13:25.563989+00:00 DEBUG 'ansible_navigator.main' Default collection_doc_cache_path set to: /home/student/.cache/ansible-navigator/collection_doc_cache.db
2025-12-29T01:13:25.564008+00:00 DEBUG 'ansible_navigator.main' EDITOR environment variable not set
2025-12-29T01:13:25.564032+00:00 DEBUG 'ansible_navigator.main' Default editor_command set to: vi +{line_number} {filename}
2025-12-29T01:13:25.564050+00:00 DEBUG 'ansible_navigator.main' No config file set by ANSIBLE_NAVIGATOR_CONFIG
2025-12-29T01:13:25.564068+00:00 DEBUG 'ansible_navigator.main' Looking in /home/student
2025-12-29T01:13:25.564098+00:00 DEBUG 'ansible_navigator.main' Looking for '/home/student/.ansible-navigator.yml', '/home/student/.ansible-navigator.yaml' and '/home/student/.ansible-navigator.json'
2025-12-29T01:13:25.564115+00:00 DEBUG 'ansible_navigator.main' Found 1: '/home/student/.ansible-navigator.yml'
2025-12-29T01:13:25.564132+00:00 DEBUG 'ansible_navigator.main' Looking in /home/student/system-network
2025-12-29T01:13:25.564150+00:00 DEBUG 'ansible_navigator.main' Looking for '/home/student/system-network/ansible-navigator.yml', '/home/student/system-network/ansible-navigator.yaml' and '/home/student/system-network/ansible-navigator.json'
2025-12-29T01:13:25.564167+00:00 DEBUG 'ansible_navigator.main' Found 0: 
2025-12-29T01:13:25.564185+00:00 DEBUG 'ansible_navigator.main' All found 1: '/home/student/.ansible-navigator.yml'
2025-12-29T01:13:25.564203+00:00 DEBUG 'ansible_navigator.main' Using: /home/student/.ansible-navigator.yml
2025-12-29T01:13:25.564220+00:00 DEBUG 'ansible_navigator.main' Using settings file at /home/student/.ansible-navigator.yml in search path
2025-12-29T01:13:25.564238+00:00 DEBUG 'ansible_navigator.main' Command provided: 'collections/'
2025-12-29T01:13:25.564272+00:00 DEBUG 'ansible_navigator.main' ansible-navigator.ansible-runner.artifact-dir not found in settings file
2025-12-29T01:13:25.564290+00:00 DEBUG 'ansible_navigator.main' ansible-navigator.ansible-runner.rotate-artifacts-count not found in settings file
2025-12-29T01:13:25.564307+00:00 DEBUG 'ansible_navigator.main' ansible-navigator.ansible-runner.timeout not found in settings file
2025-12-29T01:13:25.564325+00:00 DEBUG 'ansible_navigator.main' ansible-navigator.app not found in settings file
2025-12-29T01:13:25.564342+00:00 DEBUG 'ansible_navigator.main' ansible-navigator.ansible.cmdline not found in settings file
2025-12-29T01:13:25.564360+00:00 DEBUG 'ansible_navigator.main' ansible-navigator.collection-doc-cache-path not found in settings file
2025-12-29T01:13:25.564378+00:00 DEBUG 'ansible_navigator.main' ansible-navigator.ansible.config.path not found in settings file
2025-12-29T01:13:25.564395+00:00 DEBUG 'ansible_navigator.main' ansible-navigator.execution-environment.container-engine not found in settings file
2025-12-29T01:13:25.564412+00:00 DEBUG 'ansible_navigator.main' ansible-navigator.execution-environment.container-options not found in settings file
2025-12-29T01:13:25.564430+00:00 DEBUG 'ansible_navigator.main' ansible-navigator.color.enable not found in settings file
2025-12-29T01:13:25.564447+00:00 DEBUG 'ansible_navigator.main' ansible-navigator.editor.command not found in settings file
2025-12-29T01:13:25.564464+00:00 DEBUG 'ansible_navigator.main' ansible-navigator.editor.console not found in settings file
2025-12-29T01:13:25.564482+00:00 DEBUG 'ansible_navigator.main' ansible-navigator.exec.command not found in settings file
2025-12-29T01:13:25.564499+00:00 DEBUG 'ansible_navigator.main' ansible-navigator.exec.shell not found in settings file
2025-12-29T01:13:25.564517+00:00 DEBUG 'ansible_navigator.main' ansible-navigator.execution-environment.enabled not found in settings file
2025-12-29T01:13:25.564534+00:00 DEBUG 'ansible_navigator.main' ansible-navigator.execution-environment.volume-mounts not found in settings file
2025-12-29T01:13:25.564552+00:00 DEBUG 'ansible_navigator.main' ansible-navigator.ansible-builder.help not found in settings file
2025-12-29T01:13:25.564569+00:00 DEBUG 'ansible_navigator.main' ansible-navigator.ansible.config.help not found in settings file
2025-12-29T01:13:25.564587+00:00 DEBUG 'ansible_navigator.main' ansible-navigator.ansible.doc.help not found in settings file
2025-12-29T01:13:25.564604+00:00 DEBUG 'ansible_navigator.main' ansible-navigator.ansible.inventory.help not found in settings file
2025-12-29T01:13:25.564622+00:00 DEBUG 'ansible_navigator.main' ansible-navigator.ansible.playbook.help not found in settings file
2025-12-29T01:13:25.564639+00:00 DEBUG 'ansible_navigator.main' ansible-navigator.images.details not found in settings file
2025-12-29T01:13:25.564657+00:00 DEBUG 'ansible_navigator.main' ansible-navigator.ansible.inventory.entries not found in settings file
2025-12-29T01:13:25.564674+00:00 DEBUG 'ansible_navigator.main' ansible-navigator.inventory-columns not found in settings file
2025-12-29T01:13:25.564692+00:00 DEBUG 'ansible_navigator.main' ansible-navigator.ansible-lint.config not found in settings file
2025-12-29T01:13:25.564709+00:00 DEBUG 'ansible_navigator.main' ansible-navigator.ansible-lint.lintables not found in settings file
2025-12-29T01:13:25.564726+00:00 DEBUG 'ansible_navigator.main' ansible-navigator.logging.append not found in settings file
2025-12-29T01:13:25.564744+00:00 DEBUG 'ansible_navigator.main' ansible-navigator.logging.file not found in settings file
2025-12-29T01:13:25.564761+00:00 DEBUG 'ansible_navigator.main' ansible-navigator.logging.level not found in settings file
2025-12-29T01:13:25.564779+00:00 DEBUG 'ansible_navigator.main' ansible-navigator.mode not found in settings file
2025-12-29T01:13:25.564796+00:00 DEBUG 'ansible_navigator.main' ansible-navigator.color.osc4 not found in settings file
2025-12-29T01:13:25.564813+00:00 DEBUG 'ansible_navigator.main' ansible-navigator.execution-environment.environment-variables.pass not found in settings file
2025-12-29T01:13:25.564843+00:00 DEBUG 'ansible_navigator.main' ansible-navigator.ansible.playbook.path not found in settings file
2025-12-29T01:13:25.564862+00:00 DEBUG 'ansible_navigator.main' ansible-navigator.playbook-artifact.enable not found in settings file
2025-12-29T01:13:25.564879+00:00 DEBUG 'ansible_navigator.main' ansible-navigator.playbook-artifact.replay not found in settings file
2025-12-29T01:13:25.564896+00:00 DEBUG 'ansible_navigator.main' ansible-navigator.playbook-artifact.save-as not found in settings file
2025-12-29T01:13:25.564914+00:00 DEBUG 'ansible_navigator.main' ansible-navigator.ansible.doc.plugin.name not found in settings file
2025-12-29T01:13:25.564931+00:00 DEBUG 'ansible_navigator.main' ansible-navigator.ansible.doc.plugin.type not found in settings file
2025-12-29T01:13:25.564948+00:00 DEBUG 'ansible_navigator.main' ansible-navigator.execution-environment.pull.arguments not found in settings file
2025-12-29T01:13:25.564965+00:00 DEBUG 'ansible_navigator.main' ansible-navigator.execution-environment.environment-variables.set not found in settings file
2025-12-29T01:13:25.564982+00:00 DEBUG 'ansible_navigator.main' ansible-navigator.settings.effective not found in settings file
2025-12-29T01:13:25.565000+00:00 DEBUG 'ansible_navigator.main' ansible-navigator.settings.sample not found in settings file
2025-12-29T01:13:25.565022+00:00 DEBUG 'ansible_navigator.main' ansible-navigator.settings.schema not found in settings file
2025-12-29T01:13:25.565040+00:00 DEBUG 'ansible_navigator.main' ansible-navigator.settings.sources not found in settings file
2025-12-29T01:13:25.565057+00:00 DEBUG 'ansible_navigator.main' ansible-navigator.time-zone not found in settings file
2025-12-29T01:13:25.565074+00:00 DEBUG 'ansible_navigator.main' ansible-navigator.ansible-builder.workdir not found in settings file
2025-12-29T01:13:25.565094+00:00 WARNING 'ansible_navigator.main' Configuration errors encountered, rolling back to previous configuration.
2025-12-29T01:13:25.565112+00:00 DEBUG 'ansible_navigator.main' Prior to rollback: ansible_runner_artifact_dir = 'Not set' (Constants/Not set)
2025-12-29T01:13:25.565129+00:00 DEBUG 'ansible_navigator.main' Prior to rollback: ansible_runner_rotate_artifacts_count = 'Not set' (Constants/Not set)
2025-12-29T01:13:25.565147+00:00 DEBUG 'ansible_navigator.main' Prior to rollback: ansible_runner_timeout = 'Not set' (Constants/Not set)
2025-12-29T01:13:25.565164+00:00 DEBUG 'ansible_navigator.main' Prior to rollback: app = 'welcome' (str/Defaults)
2025-12-29T01:13:25.565181+00:00 DEBUG 'ansible_navigator.main' Prior to rollback: cmdline = '['collections/']' (list/Command line)
2025-12-29T01:13:25.565199+00:00 DEBUG 'ansible_navigator.main' Prior to rollback: collection_doc_cache_path = '/home/student/.cache/ansible-navigator/collection_doc_cache.db' (str/Defaults)
2025-12-29T01:13:25.565216+00:00 DEBUG 'ansible_navigator.main' Prior to rollback: config = 'Not set' (Constants/Not set)
2025-12-29T01:13:25.565233+00:00 DEBUG 'ansible_navigator.main' Prior to rollback: container_engine = 'auto' (str/Defaults)
2025-12-29T01:13:25.565251+00:00 DEBUG 'ansible_navigator.main' Prior to rollback: container_options = 'Not set' (Constants/Not set)
2025-12-29T01:13:25.565269+00:00 DEBUG 'ansible_navigator.main' Prior to rollback: display_color = 'True' (bool/Defaults)
2025-12-29T01:13:25.565286+00:00 DEBUG 'ansible_navigator.main' Prior to rollback: editor_command = 'vi +{line_number} {filename}' (str/Defaults)
2025-12-29T01:13:25.565303+00:00 DEBUG 'ansible_navigator.main' Prior to rollback: editor_console = 'True' (bool/Defaults)
2025-12-29T01:13:25.565320+00:00 DEBUG 'ansible_navigator.main' Prior to rollback: exec_command = '/bin/bash' (str/Defaults)
2025-12-29T01:13:25.565338+00:00 DEBUG 'ansible_navigator.main' Prior to rollback: exec_shell = 'True' (bool/Defaults)
2025-12-29T01:13:25.565355+00:00 DEBUG 'ansible_navigator.main' Prior to rollback: execution_environment = 'True' (bool/Defaults)
2025-12-29T01:13:25.565376+00:00 DEBUG 'ansible_navigator.main' Prior to rollback: execution_environment_image = 'utility.lab.example.com/ee-supported-rhel8:latest' (str/Settings file)
2025-12-29T01:13:25.565394+00:00 DEBUG 'ansible_navigator.main' Prior to rollback: execution_environment_volume_mounts = 'Not set' (Constants/Not set)
2025-12-29T01:13:25.565429+00:00 DEBUG 'ansible_navigator.main' Prior to rollback: help_builder = 'False' (bool/Defaults)
2025-12-29T01:13:25.565447+00:00 DEBUG 'ansible_navigator.main' Prior to rollback: help_config = 'False' (bool/Defaults)
2025-12-29T01:13:25.565465+00:00 DEBUG 'ansible_navigator.main' Prior to rollback: help_doc = 'False' (bool/Defaults)
2025-12-29T01:13:25.565484+00:00 DEBUG 'ansible_navigator.main' Prior to rollback: help_inventory = 'False' (bool/Defaults)
2025-12-29T01:13:25.565502+00:00 DEBUG 'ansible_navigator.main' Prior to rollback: help_playbook = 'False' (bool/Defaults)
2025-12-29T01:13:25.565521+00:00 DEBUG 'ansible_navigator.main' Prior to rollback: images_details = '['everything']' (list/Defaults)
2025-12-29T01:13:25.565539+00:00 DEBUG 'ansible_navigator.main' Prior to rollback: inventory = 'Not set' (Constants/Not set)
2025-12-29T01:13:25.565557+00:00 DEBUG 'ansible_navigator.main' Prior to rollback: inventory_column = 'Not set' (Constants/Not set)
2025-12-29T01:13:25.565575+00:00 DEBUG 'ansible_navigator.main' Prior to rollback: lint_config = 'Not set' (Constants/Not set)
2025-12-29T01:13:25.565593+00:00 DEBUG 'ansible_navigator.main' Prior to rollback: lintables = 'Not set' (Constants/Not set)
2025-12-29T01:13:25.565612+00:00 DEBUG 'ansible_navigator.main' Prior to rollback: log_append = 'True' (bool/Defaults)
2025-12-29T01:13:25.565630+00:00 DEBUG 'ansible_navigator.main' Prior to rollback: log_file = '/home/student/system-network/ansible-navigator.log' (str/Defaults)
2025-12-29T01:13:25.565649+00:00 DEBUG 'ansible_navigator.main' Prior to rollback: log_level = 'warning' (str/Defaults)
2025-12-29T01:13:25.565667+00:00 DEBUG 'ansible_navigator.main' Prior to rollback: mode = 'interactive' (str/Defaults)
2025-12-29T01:13:25.565685+00:00 DEBUG 'ansible_navigator.main' Prior to rollback: osc4 = 'True' (bool/Defaults)
2025-12-29T01:13:25.565703+00:00 DEBUG 'ansible_navigator.main' Prior to rollback: pass_environment_variable = 'Not set' (Constants/Not set)
2025-12-29T01:13:25.565721+00:00 DEBUG 'ansible_navigator.main' Prior to rollback: playbook = 'Not set' (Constants/Not set)
2025-12-29T01:13:25.565740+00:00 DEBUG 'ansible_navigator.main' Prior to rollback: playbook_artifact_enable = 'True' (bool/Defaults)
2025-12-29T01:13:25.565758+00:00 DEBUG 'ansible_navigator.main' Prior to rollback: playbook_artifact_replay = 'Not set' (Constants/Not set)
2025-12-29T01:13:25.565777+00:00 DEBUG 'ansible_navigator.main' Prior to rollback: playbook_artifact_save_as = '{playbook_dir}/{playbook_name}-artifact-{time_stamp}.json' (str/Defaults)
2025-12-29T01:13:25.565795+00:00 DEBUG 'ansible_navigator.main' Prior to rollback: plugin_name = 'Not set' (Constants/Not set)
2025-12-29T01:13:25.565813+00:00 DEBUG 'ansible_navigator.main' Prior to rollback: plugin_type = 'module' (str/Defaults)
2025-12-29T01:13:25.565831+00:00 DEBUG 'ansible_navigator.main' Prior to rollback: pull_arguments = 'Not set' (Constants/Not set)
2025-12-29T01:13:25.565858+00:00 DEBUG 'ansible_navigator.main' Prior to rollback: pull_policy = 'missing' (str/Settings file)
2025-12-29T01:13:25.565877+00:00 DEBUG 'ansible_navigator.main' Prior to rollback: set_environment_variable = 'Not set' (Constants/Not set)
2025-12-29T01:13:25.565895+00:00 DEBUG 'ansible_navigator.main' Prior to rollback: settings_effective = 'False' (bool/Defaults)
2025-12-29T01:13:25.565913+00:00 DEBUG 'ansible_navigator.main' Prior to rollback: settings_sample = 'False' (bool/Defaults)
2025-12-29T01:13:25.565932+00:00 DEBUG 'ansible_navigator.main' Prior to rollback: settings_schema = 'json' (str/Defaults)
2025-12-29T01:13:25.565950+00:00 DEBUG 'ansible_navigator.main' Prior to rollback: settings_sources = 'False' (bool/Defaults)
2025-12-29T01:13:25.565971+00:00 DEBUG 'ansible_navigator.main' Prior to rollback: time_zone = 'UTC' (str/Defaults)
2025-12-29T01:13:25.565989+00:00 DEBUG 'ansible_navigator.main' Prior to rollback: workdir = '/home/student/system-network' (str/Defaults)
2025-12-29T01:13:25.566008+00:00 DEBUG 'ansible_navigator.main' After rollback: ansible_runner_artifact_dir = 'Not set' (Constants/Not set)
2025-12-29T01:13:25.566032+00:00 DEBUG 'ansible_navigator.main' After rollback: ansible_runner_rotate_artifacts_count = 'Not set' (Constants/Not set)
2025-12-29T01:13:25.566050+00:00 DEBUG 'ansible_navigator.main' After rollback: ansible_runner_timeout = 'Not set' (Constants/Not set)
2025-12-29T01:13:25.566069+00:00 DEBUG 'ansible_navigator.main' After rollback: app = 'Not set' (Constants/Not set)
2025-12-29T01:13:25.566087+00:00 DEBUG 'ansible_navigator.main' After rollback: cmdline = 'Not set' (Constants/Not set)
2025-12-29T01:13:25.566105+00:00 DEBUG 'ansible_navigator.main' After rollback: collection_doc_cache_path = 'Not set' (Constants/Not set)
2025-12-29T01:13:25.566134+00:00 DEBUG 'ansible_navigator.main' After rollback: config = 'Not set' (Constants/Not set)
2025-12-29T01:13:25.566151+00:00 DEBUG 'ansible_navigator.main' After rollback: container_engine = 'Not set' (Constants/Not set)
2025-12-29T01:13:25.566169+00:00 DEBUG 'ansible_navigator.main' After rollback: container_options = 'Not set' (Constants/Not set)
2025-12-29T01:13:25.566186+00:00 DEBUG 'ansible_navigator.main' After rollback: display_color = 'Not set' (Constants/Not set)
2025-12-29T01:13:25.566203+00:00 DEBUG 'ansible_navigator.main' After rollback: editor_command = 'Not set' (Constants/Not set)
2025-12-29T01:13:25.566220+00:00 DEBUG 'ansible_navigator.main' After rollback: editor_console = 'Not set' (Constants/Not set)
2025-12-29T01:13:25.566237+00:00 DEBUG 'ansible_navigator.main' After rollback: exec_command = 'Not set' (Constants/Not set)
2025-12-29T01:13:25.566255+00:00 DEBUG 'ansible_navigator.main' After rollback: exec_shell = 'Not set' (Constants/Not set)
2025-12-29T01:13:25.566272+00:00 DEBUG 'ansible_navigator.main' After rollback: execution_environment = 'Not set' (Constants/Not set)
2025-12-29T01:13:25.566289+00:00 DEBUG 'ansible_navigator.main' After rollback: execution_environment_image = 'Not set' (Constants/Not set)
2025-12-29T01:13:25.566307+00:00 DEBUG 'ansible_navigator.main' After rollback: execution_environment_volume_mounts = 'Not set' (Constants/Not set)
2025-12-29T01:13:25.566324+00:00 DEBUG 'ansible_navigator.main' After rollback: help_builder = 'Not set' (Constants/Not set)
2025-12-29T01:13:25.566341+00:00 DEBUG 'ansible_navigator.main' After rollback: help_config = 'Not set' (Constants/Not set)
2025-12-29T01:13:25.566358+00:00 DEBUG 'ansible_navigator.main' After rollback: help_doc = 'Not set' (Constants/Not set)
2025-12-29T01:13:25.566375+00:00 DEBUG 'ansible_navigator.main' After rollback: help_inventory = 'Not set' (Constants/Not set)
2025-12-29T01:13:25.566393+00:00 DEBUG 'ansible_navigator.main' After rollback: help_playbook = 'Not set' (Constants/Not set)
2025-12-29T01:13:25.566410+00:00 DEBUG 'ansible_navigator.main' After rollback: images_details = 'Not set' (Constants/Not set)
2025-12-29T01:13:25.566427+00:00 DEBUG 'ansible_navigator.main' After rollback: inventory = 'Not set' (Constants/Not set)
2025-12-29T01:13:25.566444+00:00 DEBUG 'ansible_navigator.main' After rollback: inventory_column = 'Not set' (Constants/Not set)
2025-12-29T01:13:25.566461+00:00 DEBUG 'ansible_navigator.main' After rollback: lint_config = 'Not set' (Constants/Not set)
2025-12-29T01:13:25.566478+00:00 DEBUG 'ansible_navigator.main' After rollback: lintables = 'Not set' (Constants/Not set)
2025-12-29T01:13:25.566495+00:00 DEBUG 'ansible_navigator.main' After rollback: log_append = 'Not set' (Constants/Not set)
2025-12-29T01:13:25.566512+00:00 DEBUG 'ansible_navigator.main' After rollback: log_file = 'Not set' (Constants/Not set)
2025-12-29T01:13:25.566529+00:00 DEBUG 'ansible_navigator.main' After rollback: log_level = 'Not set' (Constants/Not set)
2025-12-29T01:13:25.566552+00:00 DEBUG 'ansible_navigator.main' After rollback: mode = 'Not set' (Constants/Not set)
2025-12-29T01:13:25.566570+00:00 DEBUG 'ansible_navigator.main' After rollback: osc4 = 'Not set' (Constants/Not set)
2025-12-29T01:13:25.566587+00:00 DEBUG 'ansible_navigator.main' After rollback: pass_environment_variable = 'Not set' (Constants/Not set)
2025-12-29T01:13:25.566605+00:00 DEBUG 'ansible_navigator.main' After rollback: playbook = 'Not set' (Constants/Not set)
2025-12-29T01:13:25.566622+00:00 DEBUG 'ansible_navigator.main' After rollback: playbook_artifact_enable = 'Not set' (Constants/Not set)
2025-12-29T01:13:25.566639+00:00 DEBUG 'ansible_navigator.main' After rollback: playbook_artifact_replay = 'Not set' (Constants/Not set)
2025-12-29T01:13:25.566656+00:00 DEBUG 'ansible_navigator.main' After rollback: playbook_artifact_save_as = 'Not set' (Constants/Not set)
2025-12-29T01:13:25.566674+00:00 DEBUG 'ansible_navigator.main' After rollback: plugin_name = 'Not set' (Constants/Not set)
2025-12-29T01:13:25.566691+00:00 DEBUG 'ansible_navigator.main' After rollback: plugin_type = 'Not set' (Constants/Not set)
2025-12-29T01:13:25.566708+00:00 DEBUG 'ansible_navigator.main' After rollback: pull_arguments = 'Not set' (Constants/Not set)
2025-12-29T01:13:25.566742+00:00 DEBUG 'ansible_navigator.main' After rollback: pull_policy = 'Not set' (Constants/Not set)
2025-12-29T01:13:25.566761+00:00 DEBUG 'ansible_navigator.main' After rollback: set_environment_variable = 'Not set' (Constants/Not set)
2025-12-29T01:13:25.566779+00:00 DEBUG 'ansible_navigator.main' After rollback: settings_effective = 'Not set' (Constants/Not set)
2025-12-29T01:13:25.566797+00:00 DEBUG 'ansible_navigator.main' After rollback: settings_sample = 'Not set' (Constants/Not set)
2025-12-29T01:13:25.566815+00:00 DEBUG 'ansible_navigator.main' After rollback: settings_schema = 'Not set' (Constants/Not set)
2025-12-29T01:13:25.566832+00:00 DEBUG 'ansible_navigator.main' After rollback: settings_sources = 'Not set' (Constants/Not set)
2025-12-29T01:13:25.566858+00:00 DEBUG 'ansible_navigator.main' After rollback: time_zone = 'Not set' (Constants/Not set)
2025-12-29T01:13:25.566877+00:00 DEBUG 'ansible_navigator.main' After rollback: workdir = 'Not set' (Constants/Not set)
2025-12-29T01:13:25.566895+00:00 DEBUG 'ansible_navigator.main' Configuration rollback complete.
2025-12-29T01:13:25.566913+00:00 DEBUG 'ansible_navigator.main' Collection doc cache not mounted
2025-12-29T01:13:25.566939+00:00 WARNING 'ansible_navigator.main' Issues were found while applying the settings.
2025-12-29T01:13:25.566960+00:00 INFO 'ansible_navigator.main' Command provided: 'collections/'
2025-12-29T01:13:25.566983+00:00 ERROR 'ansible_navigator.main' argument {subcommand} --help: invalid choice: 'collections/' (choose from 'builder', 'collections', 'config', 'doc', 'exec', 'images', 'inventory', 'lint', 'replay', 'run', 'settings', 'welcome')
2025-12-29T01:13:25.567005+00:00 INFO 'ansible_navigator.main' Configuration failed, using default log file location. (/home/student/system-network/ansible-navigator.log) Log level set to debug
2025-12-29T01:13:25.567031+00:00 INFO 'ansible_navigator.main' Review the hints and log file to see what went wrong.
2025-12-29T01:13:37.104876+00:00 ERROR 'ansible_navigator.actions.collections._parse' /home/student/system-network/collections/ansible_collections/redhat/rhel_system_roles/roles/cockpit/meta/argument_specs.yml Failed to find argument_specs.yml for role in redhat.rhel_system_roles.
2025-12-29T01:13:37.105354+00:00 ERROR 'ansible_navigator.actions.collections._parse' /home/student/system-network/collections/ansible_collections/redhat/rhel_system_roles/roles/firewall/meta/argument_specs.yml Failed to find argument_specs.yml for role in redhat.rhel_system_roles.
2025-12-29T01:13:37.105403+00:00 ERROR 'ansible_navigator.actions.collections._parse' /home/student/system-network/collections/ansible_collections/redhat/rhel_system_roles/roles/vpn/meta/argument_specs.yml Failed to find argument_specs.yml for role in redhat.rhel_system_roles.
2025-12-29T01:13:37.105432+00:00 ERROR 'ansible_navigator.actions.collections._parse' /home/student/system-network/collections/ansible_collections/redhat/rhel_system_roles/roles/ha_cluster/meta/argument_specs.yml Failed to find argument_specs.yml for role in redhat.rhel_system_roles.
2025-12-29T01:13:37.105453+00:00 ERROR 'ansible_navigator.actions.collections._parse' /home/student/system-network/collections/ansible_collections/redhat/rhel_system_roles/roles/ssh/meta/argument_specs.yml Failed to find argument_specs.yml for role in redhat.rhel_system_roles.
2025-12-29T01:13:37.105473+00:00 ERROR 'ansible_navigator.actions.collections._parse' /home/student/system-network/collections/ansible_collections/redhat/rhel_system_roles/roles/sshd/meta/argument_specs.yml Failed to find argument_specs.yml for role in redhat.rhel_system_roles.
2025-12-29T01:13:37.105493+00:00 ERROR 'ansible_navigator.actions.collections._parse' /home/student/system-network/collections/ansible_collections/redhat/rhel_system_roles/roles/crypto_policies/meta/argument_specs.yml Failed to find argument_specs.yml for role in redhat.rhel_system_roles.
2025-12-29T01:13:37.105512+00:00 ERROR 'ansible_navigator.actions.collections._parse' /home/student/system-network/collections/ansible_collections/redhat/rhel_system_roles/roles/certificate/meta/argument_specs.yml Failed to find argument_specs.yml for role in redhat.rhel_system_roles.
2025-12-29T01:13:37.105530+00:00 ERROR 'ansible_navigator.actions.collections._parse' /home/student/system-network/collections/ansible_collections/redhat/rhel_system_roles/roles/nbde_client/meta/argument_specs.yml Failed to find argument_specs.yml for role in redhat.rhel_system_roles.
2025-12-29T01:13:37.105549+00:00 ERROR 'ansible_navigator.actions.collections._parse' /home/student/system-network/collections/ansible_collections/redhat/rhel_system_roles/roles/nbde_server/meta/argument_specs.yml Failed to find argument_specs.yml for role in redhat.rhel_system_roles.
2025-12-29T01:13:37.105567+00:00 ERROR 'ansible_navigator.actions.collections._parse' /home/student/system-network/collections/ansible_collections/redhat/rhel_system_roles/roles/private_logging_subrole_rsyslog/meta/argument_specs.yml Failed to find argument_specs.yml for role in redhat.rhel_system_roles.
2025-12-29T01:13:37.105586+00:00 ERROR 'ansible_navigator.actions.collections._parse' /home/student/system-network/collections/ansible_collections/redhat/rhel_system_roles/roles/logging/meta/argument_specs.yml Failed to find argument_specs.yml for role in redhat.rhel_system_roles.
2025-12-29T01:13:37.105604+00:00 ERROR 'ansible_navigator.actions.collections._parse' /home/student/system-network/collections/ansible_collections/redhat/rhel_system_roles/roles/kernel_settings/meta/argument_specs.yml Failed to find argument_specs.yml for role in redhat.rhel_system_roles.
2025-12-29T01:13:37.105623+00:00 ERROR 'ansible_navigator.actions.collections._parse' /home/student/system-network/collections/ansible_collections/redhat/rhel_system_roles/roles/tlog/meta/argument_specs.yml Failed to find argument_specs.yml for role in redhat.rhel_system_roles.
2025-12-29T01:13:37.105640+00:00 ERROR 'ansible_navigator.actions.collections._parse' /home/student/system-network/collections/ansible_collections/redhat/rhel_system_roles/roles/private_metrics_subrole_bpftrace/meta/argument_specs.yml Failed to find argument_specs.yml for role in redhat.rhel_system_roles.
2025-12-29T01:13:37.105659+00:00 ERROR 'ansible_navigator.actions.collections._parse' /home/student/system-network/collections/ansible_collections/redhat/rhel_system_roles/roles/private_metrics_subrole_elasticsearch/meta/argument_specs.yml Failed to find argument_specs.yml for role in redhat.rhel_system_roles.
2025-12-29T01:13:37.105677+00:00 ERROR 'ansible_navigator.actions.collections._parse' /home/student/system-network/collections/ansible_collections/redhat/rhel_system_roles/roles/private_metrics_subrole_grafana/meta/argument_specs.yml Failed to find argument_specs.yml for role in redhat.rhel_system_roles.
2025-12-29T01:13:37.105699+00:00 ERROR 'ansible_navigator.actions.collections._parse' /home/student/system-network/collections/ansible_collections/redhat/rhel_system_roles/roles/private_metrics_subrole_mssql/meta/argument_specs.yml Failed to find argument_specs.yml for role in redhat.rhel_system_roles.
2025-12-29T01:13:37.105717+00:00 ERROR 'ansible_navigator.actions.collections._parse' /home/student/system-network/collections/ansible_collections/redhat/rhel_system_roles/roles/private_metrics_subrole_pcp/meta/argument_specs.yml Failed to find argument_specs.yml for role in redhat.rhel_system_roles.
2025-12-29T01:13:37.105736+00:00 ERROR 'ansible_navigator.actions.collections._parse' /home/student/system-network/collections/ansible_collections/redhat/rhel_system_roles/roles/private_metrics_subrole_postfix/meta/argument_specs.yml Failed to find argument_specs.yml for role in redhat.rhel_system_roles.
2025-12-29T01:13:37.105754+00:00 ERROR 'ansible_navigator.actions.collections._parse' /home/student/system-network/collections/ansible_collections/redhat/rhel_system_roles/roles/private_metrics_subrole_redis/meta/argument_specs.yml Failed to find argument_specs.yml for role in redhat.rhel_system_roles.
2025-12-29T01:13:37.105772+00:00 ERROR 'ansible_navigator.actions.collections._parse' /home/student/system-network/collections/ansible_collections/redhat/rhel_system_roles/roles/private_metrics_subrole_repository/meta/argument_specs.yml Failed to find argument_specs.yml for role in redhat.rhel_system_roles.
2025-12-29T01:13:37.105790+00:00 ERROR 'ansible_navigator.actions.collections._parse' /home/student/system-network/collections/ansible_collections/redhat/rhel_system_roles/roles/private_metrics_subrole_spark/meta/argument_specs.yml Failed to find argument_specs.yml for role in redhat.rhel_system_roles.
2025-12-29T01:13:37.105808+00:00 ERROR 'ansible_navigator.actions.collections._parse' /home/student/system-network/collections/ansible_collections/redhat/rhel_system_roles/roles/metrics/meta/argument_specs.yml Failed to find argument_specs.yml for role in redhat.rhel_system_roles.
2025-12-29T01:13:37.105848+00:00 ERROR 'ansible_navigator.actions.collections._parse' /home/student/system-network/collections/ansible_collections/redhat/rhel_system_roles/roles/storage/meta/argument_specs.yml Failed to find argument_specs.yml for role in redhat.rhel_system_roles.
2025-12-29T01:13:37.105868+00:00 ERROR 'ansible_navigator.actions.collections._parse' /home/student/system-network/collections/ansible_collections/redhat/rhel_system_roles/roles/network/meta/argument_specs.yml Failed to find argument_specs.yml for role in redhat.rhel_system_roles.
2025-12-29T01:13:37.105886+00:00 ERROR 'ansible_navigator.actions.collections._parse' /home/student/system-network/collections/ansible_collections/redhat/rhel_system_roles/roles/kdump/meta/argument_specs.yml Failed to find argument_specs.yml for role in redhat.rhel_system_roles.
2025-12-29T01:13:37.105904+00:00 ERROR 'ansible_navigator.actions.collections._parse' /home/student/system-network/collections/ansible_collections/redhat/rhel_system_roles/roles/timesync/meta/argument_specs.yml Failed to find argument_specs.yml for role in redhat.rhel_system_roles.
2025-12-29T01:13:37.105922+00:00 ERROR 'ansible_navigator.actions.collections._parse' /home/student/system-network/collections/ansible_collections/redhat/rhel_system_roles/roles/selinux/meta/argument_specs.yml Failed to find argument_specs.yml for role in redhat.rhel_system_roles.
2025-12-29T01:13:37.105940+00:00 ERROR 'ansible_navigator.actions.collections._parse' /home/student/system-network/collections/ansible_collections/redhat/rhel_system_roles/roles/postfix/meta/argument_specs.yml Failed to find argument_specs.yml for role in redhat.rhel_system_roles.
2025-12-29T01:13:37.105958+00:00 ERROR 'ansible_navigator.actions.collections._parse' /usr/share/ansible/collections/ansible_collections/ansible/network/roles/resource_manager/meta/argument_specs.yml Failed to find argument_specs.yml for role in ansible.network.
2025-12-29T01:13:37.105978+00:00 ERROR 'ansible_navigator.actions.collections._parse' /usr/share/ansible/collections/ansible_collections/ansible/network/roles/resource_manager/meta/main.yml Failed to find main.yml for role in ansible.network.
2025-12-29T01:13:37.106001+00:00 ERROR 'ansible_navigator.actions.collections._parse' /usr/share/ansible/collections/ansible_collections/redhat/insights/roles/compliance/meta/argument_specs.yml Failed to find argument_specs.yml for role in redhat.insights.
2025-12-29T01:13:37.106028+00:00 ERROR 'ansible_navigator.actions.collections._parse' /usr/share/ansible/collections/ansible_collections/redhat/insights/roles/insights_client/meta/argument_specs.yml Failed to find argument_specs.yml for role in redhat.insights.
2025-12-29T01:13:37.106046+00:00 ERROR 'ansible_navigator.actions.collections._parse' /usr/share/ansible/collections/ansible_collections/redhat/rhv/roles/cluster_upgrade/meta/argument_specs.yml Failed to find argument_specs.yml for role in redhat.rhv.
2025-12-29T01:13:37.106065+00:00 ERROR 'ansible_navigator.actions.collections._parse' /usr/share/ansible/collections/ansible_collections/redhat/rhv/roles/cluster_upgrade/meta/main.yml Failed to find main.yml for role in redhat.rhv.
2025-12-29T01:13:37.106083+00:00 ERROR 'ansible_navigator.actions.collections._parse' /usr/share/ansible/collections/ansible_collections/redhat/rhv/roles/disaster_recovery/meta/argument_specs.yml Failed to find argument_specs.yml for role in redhat.rhv.
2025-12-29T01:13:37.106101+00:00 ERROR 'ansible_navigator.actions.collections._parse' /usr/share/ansible/collections/ansible_collections/redhat/rhv/roles/disaster_recovery/meta/main.yml Failed to find main.yml for role in redhat.rhv.
2025-12-29T01:13:37.106119+00:00 ERROR 'ansible_navigator.actions.collections._parse' /usr/share/ansible/collections/ansible_collections/redhat/rhv/roles/engine_setup/meta/argument_specs.yml Failed to find argument_specs.yml for role in redhat.rhv.
2025-12-29T01:13:37.106138+00:00 ERROR 'ansible_navigator.actions.collections._parse' /usr/share/ansible/collections/ansible_collections/redhat/rhv/roles/engine_setup/meta/main.yml Failed to find main.yml for role in redhat.rhv.
2025-12-29T01:13:37.106156+00:00 ERROR 'ansible_navigator.actions.collections._parse' /usr/share/ansible/collections/ansible_collections/redhat/rhv/roles/hosted_engine_setup/meta/argument_specs.yml Failed to find argument_specs.yml for role in redhat.rhv.
2025-12-29T01:13:37.106174+00:00 ERROR 'ansible_navigator.actions.collections._parse' /usr/share/ansible/collections/ansible_collections/redhat/rhv/roles/hosted_engine_setup/meta/main.yml Failed to find main.yml for role in redhat.rhv.
2025-12-29T01:13:37.106192+00:00 ERROR 'ansible_navigator.actions.collections._parse' /usr/share/ansible/collections/ansible_collections/redhat/rhv/roles/image_template/meta/argument_specs.yml Failed to find argument_specs.yml for role in redhat.rhv.
2025-12-29T01:13:37.106210+00:00 ERROR 'ansible_navigator.actions.collections._parse' /usr/share/ansible/collections/ansible_collections/redhat/rhv/roles/image_template/meta/main.yml Failed to find main.yml for role in redhat.rhv.
2025-12-29T01:13:37.106228+00:00 ERROR 'ansible_navigator.actions.collections._parse' /usr/share/ansible/collections/ansible_collections/redhat/rhv/roles/infra/meta/argument_specs.yml Failed to find argument_specs.yml for role in redhat.rhv.
2025-12-29T01:13:37.106246+00:00 ERROR 'ansible_navigator.actions.collections._parse' /usr/share/ansible/collections/ansible_collections/redhat/rhv/roles/infra/meta/main.yml Failed to find main.yml for role in redhat.rhv.
2025-12-29T01:13:37.106268+00:00 ERROR 'ansible_navigator.actions.collections._parse' /usr/share/ansible/collections/ansible_collections/redhat/rhv/roles/manageiq/meta/argument_specs.yml Failed to find argument_specs.yml for role in redhat.rhv.
2025-12-29T01:13:37.106286+00:00 ERROR 'ansible_navigator.actions.collections._parse' /usr/share/ansible/collections/ansible_collections/redhat/rhv/roles/manageiq/meta/main.yml Failed to find main.yml for role in redhat.rhv.
2025-12-29T01:13:37.106307+00:00 ERROR 'ansible_navigator.actions.collections._parse' /usr/share/ansible/collections/ansible_collections/redhat/rhv/roles/remove_stale_lun/meta/argument_specs.yml Failed to find argument_specs.yml for role in redhat.rhv.
2025-12-29T01:13:37.106325+00:00 ERROR 'ansible_navigator.actions.collections._parse' /usr/share/ansible/collections/ansible_collections/redhat/rhv/roles/remove_stale_lun/meta/main.yml Failed to find main.yml for role in redhat.rhv.
2025-12-29T01:13:37.106344+00:00 ERROR 'ansible_navigator.actions.collections._parse' /usr/share/ansible/collections/ansible_collections/redhat/rhv/roles/repositories/meta/argument_specs.yml Failed to find argument_specs.yml for role in redhat.rhv.
2025-12-29T01:13:37.106361+00:00 ERROR 'ansible_navigator.actions.collections._parse' /usr/share/ansible/collections/ansible_collections/redhat/rhv/roles/repositories/meta/main.yml Failed to find main.yml for role in redhat.rhv.
2025-12-29T01:13:37.106379+00:00 ERROR 'ansible_navigator.actions.collections._parse' /usr/share/ansible/collections/ansible_collections/redhat/rhv/roles/shutdown_env/meta/argument_specs.yml Failed to find argument_specs.yml for role in redhat.rhv.
2025-12-29T01:13:37.106397+00:00 ERROR 'ansible_navigator.actions.collections._parse' /usr/share/ansible/collections/ansible_collections/redhat/rhv/roles/shutdown_env/meta/main.yml Failed to find main.yml for role in redhat.rhv.
2025-12-29T01:13:37.106415+00:00 ERROR 'ansible_navigator.actions.collections._parse' /usr/share/ansible/collections/ansible_collections/redhat/rhv/roles/vm_infra/meta/argument_specs.yml Failed to find argument_specs.yml for role in redhat.rhv.
2025-12-29T01:13:37.106432+00:00 ERROR 'ansible_navigator.actions.collections._parse' /usr/share/ansible/collections/ansible_collections/redhat/rhv/roles/vm_infra/meta/main.yml Failed to find main.yml for role in redhat.rhv.
2025-12-29T01:13:37.106451+00:00 ERROR 'ansible_navigator.actions.collections._parse' /usr/share/ansible/collections/ansible_collections/redhat/satellite/roles/activation_keys/meta/argument_specs.yml Failed to find argument_specs.yml for role in redhat.satellite.
2025-12-29T01:13:37.106469+00:00 ERROR 'ansible_navigator.actions.collections._parse' /usr/share/ansible/collections/ansible_collections/redhat/satellite/roles/activation_keys/meta/main.yml Failed to find main.yml for role in redhat.satellite.
2025-12-29T01:13:37.106487+00:00 ERROR 'ansible_navigator.actions.collections._parse' /usr/share/ansible/collections/ansible_collections/redhat/satellite/roles/auth_sources_ldap/meta/argument_specs.yml Failed to find argument_specs.yml for role in redhat.satellite.
2025-12-29T01:13:37.106505+00:00 ERROR 'ansible_navigator.actions.collections._parse' /usr/share/ansible/collections/ansible_collections/redhat/satellite/roles/auth_sources_ldap/meta/main.yml Failed to find main.yml for role in redhat.satellite.
2025-12-29T01:13:37.106523+00:00 ERROR 'ansible_navigator.actions.collections._parse' /usr/share/ansible/collections/ansible_collections/redhat/satellite/roles/compute_profiles/meta/argument_specs.yml Failed to find argument_specs.yml for role in redhat.satellite.
2025-12-29T01:13:37.106540+00:00 ERROR 'ansible_navigator.actions.collections._parse' /usr/share/ansible/collections/ansible_collections/redhat/satellite/roles/compute_profiles/meta/main.yml Failed to find main.yml for role in redhat.satellite.
2025-12-29T01:13:37.106558+00:00 ERROR 'ansible_navigator.actions.collections._parse' /usr/share/ansible/collections/ansible_collections/redhat/satellite/roles/compute_resources/meta/argument_specs.yml Failed to find argument_specs.yml for role in redhat.satellite.
2025-12-29T01:13:37.106576+00:00 ERROR 'ansible_navigator.actions.collections._parse' /usr/share/ansible/collections/ansible_collections/redhat/satellite/roles/compute_resources/meta/main.yml Failed to find main.yml for role in redhat.satellite.
2025-12-29T01:13:37.106594+00:00 ERROR 'ansible_navigator.actions.collections._parse' /usr/share/ansible/collections/ansible_collections/redhat/satellite/roles/content_credentials/meta/argument_specs.yml Failed to find argument_specs.yml for role in redhat.satellite.
2025-12-29T01:13:37.106614+00:00 ERROR 'ansible_navigator.actions.collections._parse' /usr/share/ansible/collections/ansible_collections/redhat/satellite/roles/content_credentials/meta/main.yml Failed to find main.yml for role in redhat.satellite.
2025-12-29T01:13:37.106632+00:00 ERROR 'ansible_navigator.actions.collections._parse' /usr/share/ansible/collections/ansible_collections/redhat/satellite/roles/content_rhel/meta/argument_specs.yml Failed to find argument_specs.yml for role in redhat.satellite.
2025-12-29T01:13:37.106650+00:00 ERROR 'ansible_navigator.actions.collections._parse' /usr/share/ansible/collections/ansible_collections/redhat/satellite/roles/content_rhel/meta/main.yml Failed to find main.yml for role in redhat.satellite.
2025-12-29T01:13:37.106668+00:00 ERROR 'ansible_navigator.actions.collections._parse' /usr/share/ansible/collections/ansible_collections/redhat/satellite/roles/content_view_publish/meta/argument_specs.yml Failed to find argument_specs.yml for role in redhat.satellite.
2025-12-29T01:13:37.106686+00:00 ERROR 'ansible_navigator.actions.collections._parse' /usr/share/ansible/collections/ansible_collections/redhat/satellite/roles/content_view_publish/meta/main.yml Failed to find main.yml for role in redhat.satellite.
2025-12-29T01:13:37.106704+00:00 ERROR 'ansible_navigator.actions.collections._parse' /usr/share/ansible/collections/ansible_collections/redhat/satellite/roles/content_view_version_cleanup/meta/argument_specs.yml Failed to find argument_specs.yml for role in redhat.satellite.
2025-12-29T01:13:37.106722+00:00 ERROR 'ansible_navigator.actions.collections._parse' /usr/share/ansible/collections/ansible_collections/redhat/satellite/roles/content_view_version_cleanup/meta/main.yml Failed to find main.yml for role in redhat.satellite.
2025-12-29T01:13:37.106740+00:00 ERROR 'ansible_navigator.actions.collections._parse' /usr/share/ansible/collections/ansible_collections/redhat/satellite/roles/content_views/meta/argument_specs.yml Failed to find argument_specs.yml for role in redhat.satellite.
2025-12-29T01:13:37.106758+00:00 ERROR 'ansible_navigator.actions.collections._parse' /usr/share/ansible/collections/ansible_collections/redhat/satellite/roles/content_views/meta/main.yml Failed to find main.yml for role in redhat.satellite.
2025-12-29T01:13:37.106776+00:00 ERROR 'ansible_navigator.actions.collections._parse' /usr/share/ansible/collections/ansible_collections/redhat/satellite/roles/convert2rhel/meta/argument_specs.yml Failed to find argument_specs.yml for role in redhat.satellite.
2025-12-29T01:13:37.106793+00:00 ERROR 'ansible_navigator.actions.collections._parse' /usr/share/ansible/collections/ansible_collections/redhat/satellite/roles/convert2rhel/meta/main.yml Failed to find main.yml for role in redhat.satellite.
2025-12-29T01:13:37.106811+00:00 ERROR 'ansible_navigator.actions.collections._parse' /usr/share/ansible/collections/ansible_collections/redhat/satellite/roles/domains/meta/argument_specs.yml Failed to find argument_specs.yml for role in redhat.satellite.
2025-12-29T01:13:37.106840+00:00 ERROR 'ansible_navigator.actions.collections._parse' /usr/share/ansible/collections/ansible_collections/redhat/satellite/roles/domains/meta/main.yml Failed to find main.yml for role in redhat.satellite.
2025-12-29T01:13:37.106858+00:00 ERROR 'ansible_navigator.actions.collections._parse' /usr/share/ansible/collections/ansible_collections/redhat/satellite/roles/hostgroups/meta/argument_specs.yml Failed to find argument_specs.yml for role in redhat.satellite.
2025-12-29T01:13:37.106876+00:00 ERROR 'ansible_navigator.actions.collections._parse' /usr/share/ansible/collections/ansible_collections/redhat/satellite/roles/hostgroups/meta/main.yml Failed to find main.yml for role in redhat.satellite.
2025-12-29T01:13:37.106894+00:00 ERROR 'ansible_navigator.actions.collections._parse' /usr/share/ansible/collections/ansible_collections/redhat/satellite/roles/lifecycle_environments/meta/argument_specs.yml Failed to find argument_specs.yml for role in redhat.satellite.
2025-12-29T01:13:37.106915+00:00 ERROR 'ansible_navigator.actions.collections._parse' /usr/share/ansible/collections/ansible_collections/redhat/satellite/roles/lifecycle_environments/meta/main.yml Failed to find main.yml for role in redhat.satellite.
2025-12-29T01:13:37.106933+00:00 ERROR 'ansible_navigator.actions.collections._parse' /usr/share/ansible/collections/ansible_collections/redhat/satellite/roles/manifest/meta/argument_specs.yml Failed to find argument_specs.yml for role in redhat.satellite.
2025-12-29T01:13:37.106951+00:00 ERROR 'ansible_navigator.actions.collections._parse' /usr/share/ansible/collections/ansible_collections/redhat/satellite/roles/manifest/meta/main.yml Failed to find main.yml for role in redhat.satellite.
2025-12-29T01:13:37.106969+00:00 ERROR 'ansible_navigator.actions.collections._parse' /usr/share/ansible/collections/ansible_collections/redhat/satellite/roles/operatingsystems/meta/argument_specs.yml Failed to find argument_specs.yml for role in redhat.satellite.
2025-12-29T01:13:37.106987+00:00 ERROR 'ansible_navigator.actions.collections._parse' /usr/share/ansible/collections/ansible_collections/redhat/satellite/roles/operatingsystems/meta/main.yml Failed to find main.yml for role in redhat.satellite.
2025-12-29T01:13:37.107005+00:00 ERROR 'ansible_navigator.actions.collections._parse' /usr/share/ansible/collections/ansible_collections/redhat/satellite/roles/organizations/meta/argument_specs.yml Failed to find argument_specs.yml for role in redhat.satellite.
2025-12-29T01:13:37.107030+00:00 ERROR 'ansible_navigator.actions.collections._parse' /usr/share/ansible/collections/ansible_collections/redhat/satellite/roles/organizations/meta/main.yml Failed to find main.yml for role in redhat.satellite.
2025-12-29T01:13:37.107049+00:00 ERROR 'ansible_navigator.actions.collections._parse' /usr/share/ansible/collections/ansible_collections/redhat/satellite/roles/provisioning_templates/meta/argument_specs.yml Failed to find argument_specs.yml for role in redhat.satellite.
2025-12-29T01:13:37.107066+00:00 ERROR 'ansible_navigator.actions.collections._parse' /usr/share/ansible/collections/ansible_collections/redhat/satellite/roles/provisioning_templates/meta/main.yml Failed to find main.yml for role in redhat.satellite.
2025-12-29T01:13:37.107085+00:00 ERROR 'ansible_navigator.actions.collections._parse' /usr/share/ansible/collections/ansible_collections/redhat/satellite/roles/repositories/meta/argument_specs.yml Failed to find argument_specs.yml for role in redhat.satellite.
2025-12-29T01:13:37.107102+00:00 ERROR 'ansible_navigator.actions.collections._parse' /usr/share/ansible/collections/ansible_collections/redhat/satellite/roles/repositories/meta/main.yml Failed to find main.yml for role in redhat.satellite.
2025-12-29T01:13:37.107120+00:00 ERROR 'ansible_navigator.actions.collections._parse' /usr/share/ansible/collections/ansible_collections/redhat/satellite/roles/settings/meta/argument_specs.yml Failed to find argument_specs.yml for role in redhat.satellite.
2025-12-29T01:13:37.107139+00:00 ERROR 'ansible_navigator.actions.collections._parse' /usr/share/ansible/collections/ansible_collections/redhat/satellite/roles/settings/meta/main.yml Failed to find main.yml for role in redhat.satellite.
2025-12-29T01:13:37.107157+00:00 ERROR 'ansible_navigator.actions.collections._parse' /usr/share/ansible/collections/ansible_collections/redhat/satellite/roles/subnets/meta/argument_specs.yml Failed to find argument_specs.yml for role in redhat.satellite.
2025-12-29T01:13:37.107175+00:00 ERROR 'ansible_navigator.actions.collections._parse' /usr/share/ansible/collections/ansible_collections/redhat/satellite/roles/subnets/meta/main.yml Failed to find main.yml for role in redhat.satellite.
2025-12-29T01:13:37.107194+00:00 ERROR 'ansible_navigator.actions.collections._parse' /usr/share/ansible/collections/ansible_collections/redhat/satellite/roles/sync_plans/meta/argument_specs.yml Failed to find argument_specs.yml for role in redhat.satellite.
2025-12-29T01:13:37.107214+00:00 ERROR 'ansible_navigator.actions.collections._parse' /usr/share/ansible/collections/ansible_collections/redhat/satellite/roles/sync_plans/meta/main.yml Failed to find main.yml for role in redhat.satellite.
