2025-12-24 09:41:55,518 p=16 u=root n=ansible | {"/usr/share/ansible/collections/ansible_collections": {"amazon.aws": {"version": "3.2.0"}, "ansible.controller": {"version": "4.2.1"}, "ansible.netcommon": {"version": "3.0.0"}, "ansible.network": {"version": "1.2.0"}, "ansible.posix": {"version": "1.3.0"}, "ansible.security": {"version": "1.0.0"}, "ansible.utils": {"version": "2.6.1"}, "ansible.windows": {"version": "1.9.0"}, "ansible.yang": {"version": "1.0.0"}, "arista.eos": {"version": "5.0.0"}, "cisco.asa": {"version": "3.0.0"}, "cisco.ios": {"version": "3.0.0"}, "cisco.iosxr": {"version": "3.0.0"}, "cisco.nxos": {"version": "3.0.0"}, "cloud.common": {"version": "2.1.1"}, "frr.frr": {"version": "2.0.0"}, "ibm.qradar": {"version": "2.0.0"}, "junipernetworks.junos": {"version": "3.0.0"}, "kubernetes.core": {"version": "2.2.3"}, "openvswitch.openvswitch": {"version": "2.1.0"}, "redhat.insights": {"version": "1.0.7"}, "redhat.openshift": {"version": "2.1.0"}, "redhat.rhv": {"version": "1.6.5"}, "redhat.satellite": {"version": "3.3.0"}, "servicenow.itsm": {"version": "1.3.3"}, "splunk.es": {"version": "2.0.0"}, "trendmicro.deepsec": {"version": "2.0.0"}, "vmware.vmware_rest": {"version": "2.1.5"}, "vyos.vyos": {"version": "3.0.0"}}}
2025-12-24 09:41:56,639 p=21 u=root n=ansible | [WARNING]:  * Failed to parse /home/student/troubleshoot-playbook/ansible.log
with ini plugin: /home/student/troubleshoot-playbook/ansible.log:1: Expected
key=value host variable assignment, got: 09:41:55,518

2025-12-24 09:41:56,639 p=21 u=root n=ansible | [WARNING]: Unable to parse /home/student/troubleshoot-playbook/ansible.log as
an inventory source

2025-12-24 09:41:56,639 p=21 u=root n=ansible | [WARNING]: No inventory was parsed, only implicit localhost is available

2025-12-24 09:41:56,649 p=21 u=root n=ansible | [WARNING]: provided hosts list is empty, only localhost is available. Note that
the implicit localhost does not match 'all'

2025-12-24 09:41:56,962 p=21 u=root n=ansible | ERROR! We were unable to read either as JSON nor YAML, these are the errors we got from each:
JSON: Expecting value: line 1 column 1 (char 0)

Syntax Error while loading YAML.
  mapping values are not allowed in this context

The error appears to be in '/home/student/troubleshoot-playbook/samba.yml': line 8, column 30, but may
be elsewhere in the file depending on the exact syntax problem.

The offending line appears to be:

    install_state: installed
    random_var: This is colon: test
                             ^ here

2025-12-24 09:43:45,031 p=16 u=root n=ansible | {"/usr/share/ansible/collections/ansible_collections": {"amazon.aws": {"version": "3.2.0"}, "ansible.controller": {"version": "4.2.1"}, "ansible.netcommon": {"version": "3.0.0"}, "ansible.network": {"version": "1.2.0"}, "ansible.posix": {"version": "1.3.0"}, "ansible.security": {"version": "1.0.0"}, "ansible.utils": {"version": "2.6.1"}, "ansible.windows": {"version": "1.9.0"}, "ansible.yang": {"version": "1.0.0"}, "arista.eos": {"version": "5.0.0"}, "cisco.asa": {"version": "3.0.0"}, "cisco.ios": {"version": "3.0.0"}, "cisco.iosxr": {"version": "3.0.0"}, "cisco.nxos": {"version": "3.0.0"}, "cloud.common": {"version": "2.1.1"}, "frr.frr": {"version": "2.0.0"}, "ibm.qradar": {"version": "2.0.0"}, "junipernetworks.junos": {"version": "3.0.0"}, "kubernetes.core": {"version": "2.2.3"}, "openvswitch.openvswitch": {"version": "2.1.0"}, "redhat.insights": {"version": "1.0.7"}, "redhat.openshift": {"version": "2.1.0"}, "redhat.rhv": {"version": "1.6.5"}, "redhat.satellite": {"version": "3.3.0"}, "servicenow.itsm": {"version": "1.3.3"}, "splunk.es": {"version": "2.0.0"}, "trendmicro.deepsec": {"version": "2.0.0"}, "vmware.vmware_rest": {"version": "2.1.5"}, "vyos.vyos": {"version": "3.0.0"}}}
2025-12-24 09:43:46,062 p=21 u=root n=ansible | [WARNING]:  * Failed to parse /home/student/troubleshoot-playbook/ansible.log
with ini plugin: /home/student/troubleshoot-playbook/ansible.log:1: Expected
key=value host variable assignment, got: 09:41:55,518

2025-12-24 09:43:46,063 p=21 u=root n=ansible | [WARNING]: Unable to parse /home/student/troubleshoot-playbook/ansible.log as
an inventory source

2025-12-24 09:43:46,063 p=21 u=root n=ansible | [WARNING]: No inventory was parsed, only implicit localhost is available

2025-12-24 09:43:46,069 p=21 u=root n=ansible | [WARNING]: provided hosts list is empty, only localhost is available. Note that
the implicit localhost does not match 'all'

2025-12-24 09:43:46,210 p=21 u=root n=ansible | ERROR! We were unable to read either as JSON nor YAML, these are the errors we got from each:
JSON: Expecting value: line 1 column 1 (char 0)

Syntax Error while loading YAML.
  did not find expected '-' indicator

The error appears to be in '/home/student/troubleshoot-playbook/samba.yml': line 38, column 6, but may
be elsewhere in the file depending on the exact syntax problem.

The offending line appears to be:


     - name: Deliver samba config
     ^ here

2025-12-24 09:45:15,927 p=16 u=root n=ansible | {"/usr/share/ansible/collections/ansible_collections": {"amazon.aws": {"version": "3.2.0"}, "ansible.controller": {"version": "4.2.1"}, "ansible.netcommon": {"version": "3.0.0"}, "ansible.network": {"version": "1.2.0"}, "ansible.posix": {"version": "1.3.0"}, "ansible.security": {"version": "1.0.0"}, "ansible.utils": {"version": "2.6.1"}, "ansible.windows": {"version": "1.9.0"}, "ansible.yang": {"version": "1.0.0"}, "arista.eos": {"version": "5.0.0"}, "cisco.asa": {"version": "3.0.0"}, "cisco.ios": {"version": "3.0.0"}, "cisco.iosxr": {"version": "3.0.0"}, "cisco.nxos": {"version": "3.0.0"}, "cloud.common": {"version": "2.1.1"}, "frr.frr": {"version": "2.0.0"}, "ibm.qradar": {"version": "2.0.0"}, "junipernetworks.junos": {"version": "3.0.0"}, "kubernetes.core": {"version": "2.2.3"}, "openvswitch.openvswitch": {"version": "2.1.0"}, "redhat.insights": {"version": "1.0.7"}, "redhat.openshift": {"version": "2.1.0"}, "redhat.rhv": {"version": "1.6.5"}, "redhat.satellite": {"version": "3.3.0"}, "servicenow.itsm": {"version": "1.3.3"}, "splunk.es": {"version": "2.0.0"}, "trendmicro.deepsec": {"version": "2.0.0"}, "vmware.vmware_rest": {"version": "2.1.5"}, "vyos.vyos": {"version": "3.0.0"}}}
2025-12-24 09:45:16,913 p=21 u=root n=ansible | [WARNING]:  * Failed to parse /home/student/troubleshoot-playbook/ansible.log
with ini plugin: /home/student/troubleshoot-playbook/ansible.log:1: Expected
key=value host variable assignment, got: 09:41:55,518

2025-12-24 09:45:16,913 p=21 u=root n=ansible | [WARNING]: Unable to parse /home/student/troubleshoot-playbook/ansible.log as
an inventory source

2025-12-24 09:45:16,913 p=21 u=root n=ansible | [WARNING]: No inventory was parsed, only implicit localhost is available

2025-12-24 09:45:16,922 p=21 u=root n=ansible | [WARNING]: provided hosts list is empty, only localhost is available. Note that
the implicit localhost does not match 'all'

2025-12-24 09:45:17,073 p=21 u=root n=ansible | ERROR! We were unable to read either as JSON nor YAML, these are the errors we got from each:
JSON: Expecting value: line 1 column 1 (char 0)

Syntax Error while loading YAML.
  found unacceptable key (unhashable type: 'AnsibleMapping')

The error appears to be in '/home/student/troubleshoot-playbook/samba.yml': line 14, column 17, but may
be elsewhere in the file depending on the exact syntax problem.

The offending line appears to be:

        name: samba
        state: {{ install_state }}
                ^ here
We could be wrong, but this one looks like it might be an issue with
missing quotes. Always quote template expression brackets when they
start a value. For instance:

    with_items:
      - {{ foo }}

Should be written as:

    with_items:
      - "{{ foo }}"

2025-12-24 09:46:28,427 p=16 u=root n=ansible | {"/usr/share/ansible/collections/ansible_collections": {"amazon.aws": {"version": "3.2.0"}, "ansible.controller": {"version": "4.2.1"}, "ansible.netcommon": {"version": "3.0.0"}, "ansible.network": {"version": "1.2.0"}, "ansible.posix": {"version": "1.3.0"}, "ansible.security": {"version": "1.0.0"}, "ansible.utils": {"version": "2.6.1"}, "ansible.windows": {"version": "1.9.0"}, "ansible.yang": {"version": "1.0.0"}, "arista.eos": {"version": "5.0.0"}, "cisco.asa": {"version": "3.0.0"}, "cisco.ios": {"version": "3.0.0"}, "cisco.iosxr": {"version": "3.0.0"}, "cisco.nxos": {"version": "3.0.0"}, "cloud.common": {"version": "2.1.1"}, "frr.frr": {"version": "2.0.0"}, "ibm.qradar": {"version": "2.0.0"}, "junipernetworks.junos": {"version": "3.0.0"}, "kubernetes.core": {"version": "2.2.3"}, "openvswitch.openvswitch": {"version": "2.1.0"}, "redhat.insights": {"version": "1.0.7"}, "redhat.openshift": {"version": "2.1.0"}, "redhat.rhv": {"version": "1.6.5"}, "redhat.satellite": {"version": "3.3.0"}, "servicenow.itsm": {"version": "1.3.3"}, "splunk.es": {"version": "2.0.0"}, "trendmicro.deepsec": {"version": "2.0.0"}, "vmware.vmware_rest": {"version": "2.1.5"}, "vyos.vyos": {"version": "3.0.0"}}}
2025-12-24 09:46:29,427 p=21 u=root n=ansible | [WARNING]:  * Failed to parse /home/student/troubleshoot-playbook/ansible.log
with ini plugin: /home/student/troubleshoot-playbook/ansible.log:1: Expected
key=value host variable assignment, got: 09:41:55,518

2025-12-24 09:46:29,427 p=21 u=root n=ansible | [WARNING]: Unable to parse /home/student/troubleshoot-playbook/ansible.log as
an inventory source

2025-12-24 09:46:29,428 p=21 u=root n=ansible | [WARNING]: No inventory was parsed, only implicit localhost is available

2025-12-24 09:46:29,434 p=21 u=root n=ansible | [WARNING]: provided hosts list is empty, only localhost is available. Note that
the implicit localhost does not match 'all'

2025-12-24 09:46:29,672 p=21 u=root n=ansible | [WARNING]: Could not match supplied host pattern, ignoring: samba_servers

2025-12-24 09:46:29,674 p=21 u=root n=ansible | playbook: /home/student/troubleshoot-playbook/samba.yml
2025-12-24 09:46:46,896 p=16 u=root n=ansible | {"/usr/share/ansible/collections/ansible_collections": {"amazon.aws": {"version": "3.2.0"}, "ansible.controller": {"version": "4.2.1"}, "ansible.netcommon": {"version": "3.0.0"}, "ansible.network": {"version": "1.2.0"}, "ansible.posix": {"version": "1.3.0"}, "ansible.security": {"version": "1.0.0"}, "ansible.utils": {"version": "2.6.1"}, "ansible.windows": {"version": "1.9.0"}, "ansible.yang": {"version": "1.0.0"}, "arista.eos": {"version": "5.0.0"}, "cisco.asa": {"version": "3.0.0"}, "cisco.ios": {"version": "3.0.0"}, "cisco.iosxr": {"version": "3.0.0"}, "cisco.nxos": {"version": "3.0.0"}, "cloud.common": {"version": "2.1.1"}, "frr.frr": {"version": "2.0.0"}, "ibm.qradar": {"version": "2.0.0"}, "junipernetworks.junos": {"version": "3.0.0"}, "kubernetes.core": {"version": "2.2.3"}, "openvswitch.openvswitch": {"version": "2.1.0"}, "redhat.insights": {"version": "1.0.7"}, "redhat.openshift": {"version": "2.1.0"}, "redhat.rhv": {"version": "1.6.5"}, "redhat.satellite": {"version": "3.3.0"}, "servicenow.itsm": {"version": "1.3.3"}, "splunk.es": {"version": "2.0.0"}, "trendmicro.deepsec": {"version": "2.0.0"}, "vmware.vmware_rest": {"version": "2.1.5"}, "vyos.vyos": {"version": "3.0.0"}}}
2025-12-24 09:46:47,916 p=21 u=root n=ansible | [WARNING]:  * Failed to parse /home/student/troubleshoot-playbook/ansible.log
with ini plugin: /home/student/troubleshoot-playbook/ansible.log:1: Expected
key=value host variable assignment, got: 09:41:55,518

2025-12-24 09:46:47,917 p=21 u=root n=ansible | [WARNING]: Unable to parse /home/student/troubleshoot-playbook/ansible.log as
an inventory source

2025-12-24 09:46:47,918 p=21 u=root n=ansible | [WARNING]: No inventory was parsed, only implicit localhost is available

2025-12-24 09:46:47,923 p=21 u=root n=ansible | [WARNING]: provided hosts list is empty, only localhost is available. Note that
the implicit localhost does not match 'all'

2025-12-24 09:46:48,118 p=21 u=root n=ansible | [WARNING]: Could not match supplied host pattern, ignoring: samba_servers

2025-12-24 09:46:48,119 p=21 u=root n=ansible | PLAY [Install a samba server] **************************************************
2025-12-24 09:46:48,120 p=21 u=root n=ansible | skipping: no hosts matched
2025-12-24 09:46:48,121 p=21 u=root n=ansible | PLAY RECAP *********************************************************************
2025-12-24 09:48:27,380 p=16 u=root n=ansible | {"/usr/share/ansible/collections/ansible_collections": {"amazon.aws": {"version": "3.2.0"}, "ansible.controller": {"version": "4.2.1"}, "ansible.netcommon": {"version": "3.0.0"}, "ansible.network": {"version": "1.2.0"}, "ansible.posix": {"version": "1.3.0"}, "ansible.security": {"version": "1.0.0"}, "ansible.utils": {"version": "2.6.1"}, "ansible.windows": {"version": "1.9.0"}, "ansible.yang": {"version": "1.0.0"}, "arista.eos": {"version": "5.0.0"}, "cisco.asa": {"version": "3.0.0"}, "cisco.ios": {"version": "3.0.0"}, "cisco.iosxr": {"version": "3.0.0"}, "cisco.nxos": {"version": "3.0.0"}, "cloud.common": {"version": "2.1.1"}, "frr.frr": {"version": "2.0.0"}, "ibm.qradar": {"version": "2.0.0"}, "junipernetworks.junos": {"version": "3.0.0"}, "kubernetes.core": {"version": "2.2.3"}, "openvswitch.openvswitch": {"version": "2.1.0"}, "redhat.insights": {"version": "1.0.7"}, "redhat.openshift": {"version": "2.1.0"}, "redhat.rhv": {"version": "1.6.5"}, "redhat.satellite": {"version": "3.3.0"}, "servicenow.itsm": {"version": "1.3.3"}, "splunk.es": {"version": "2.0.0"}, "trendmicro.deepsec": {"version": "2.0.0"}, "vmware.vmware_rest": {"version": "2.1.5"}, "vyos.vyos": {"version": "3.0.0"}}}
2025-12-24 09:48:28,332 p=21 u=root n=ansible | [WARNING]:  * Failed to parse /home/student/troubleshoot-playbook/ansible.log
with ini plugin: /home/student/troubleshoot-playbook/ansible.log:1: Expected
key=value host variable assignment, got: 09:41:55,518

2025-12-24 09:48:28,333 p=21 u=root n=ansible | [WARNING]: Unable to parse /home/student/troubleshoot-playbook/ansible.log as
an inventory source

2025-12-24 09:48:28,333 p=21 u=root n=ansible | [WARNING]: No inventory was parsed, only implicit localhost is available

2025-12-24 09:48:28,338 p=21 u=root n=ansible | [WARNING]: provided hosts list is empty, only localhost is available. Note that
the implicit localhost does not match 'all'

2025-12-24 09:48:28,506 p=21 u=root n=ansible | [WARNING]: Could not match supplied host pattern, ignoring: samba_servers

2025-12-24 09:48:28,507 p=21 u=root n=ansible | playbook: /home/student/troubleshoot-playbook/samba.yml
2025-12-24 09:50:47,052 p=16 u=root n=ansible | {"/usr/share/ansible/collections/ansible_collections": {"amazon.aws": {"version": "3.2.0"}, "ansible.controller": {"version": "4.2.1"}, "ansible.netcommon": {"version": "3.0.0"}, "ansible.network": {"version": "1.2.0"}, "ansible.posix": {"version": "1.3.0"}, "ansible.security": {"version": "1.0.0"}, "ansible.utils": {"version": "2.6.1"}, "ansible.windows": {"version": "1.9.0"}, "ansible.yang": {"version": "1.0.0"}, "arista.eos": {"version": "5.0.0"}, "cisco.asa": {"version": "3.0.0"}, "cisco.ios": {"version": "3.0.0"}, "cisco.iosxr": {"version": "3.0.0"}, "cisco.nxos": {"version": "3.0.0"}, "cloud.common": {"version": "2.1.1"}, "frr.frr": {"version": "2.0.0"}, "ibm.qradar": {"version": "2.0.0"}, "junipernetworks.junos": {"version": "3.0.0"}, "kubernetes.core": {"version": "2.2.3"}, "openvswitch.openvswitch": {"version": "2.1.0"}, "redhat.insights": {"version": "1.0.7"}, "redhat.openshift": {"version": "2.1.0"}, "redhat.rhv": {"version": "1.6.5"}, "redhat.satellite": {"version": "3.3.0"}, "servicenow.itsm": {"version": "1.3.3"}, "splunk.es": {"version": "2.0.0"}, "trendmicro.deepsec": {"version": "2.0.0"}, "vmware.vmware_rest": {"version": "2.1.5"}, "vyos.vyos": {"version": "3.0.0"}}}
2025-12-24 09:50:48,007 p=21 u=root n=ansible | [WARNING]:  * Failed to parse /home/student/troubleshoot-playbook/ansible.log
with ini plugin: /home/student/troubleshoot-playbook/ansible.log:1: Expected
key=value host variable assignment, got: 09:41:55,518

2025-12-24 09:50:48,007 p=21 u=root n=ansible | [WARNING]: Unable to parse /home/student/troubleshoot-playbook/ansible.log as
an inventory source

2025-12-24 09:50:48,007 p=21 u=root n=ansible | [WARNING]: No inventory was parsed, only implicit localhost is available

2025-12-24 09:50:48,013 p=21 u=root n=ansible | [WARNING]: provided hosts list is empty, only localhost is available. Note that
the implicit localhost does not match 'all'

2025-12-24 09:50:48,182 p=21 u=root n=ansible | [WARNING]: Could not match supplied host pattern, ignoring: samba_servers

2025-12-24 09:50:48,182 p=21 u=root n=ansible | playbook: /home/student/troubleshoot-playbook/samba.yml
2025-12-24 09:52:33,141 p=16 u=root n=ansible | {"/usr/share/ansible/collections/ansible_collections": {"amazon.aws": {"version": "3.2.0"}, "ansible.controller": {"version": "4.2.1"}, "ansible.netcommon": {"version": "3.0.0"}, "ansible.network": {"version": "1.2.0"}, "ansible.posix": {"version": "1.3.0"}, "ansible.security": {"version": "1.0.0"}, "ansible.utils": {"version": "2.6.1"}, "ansible.windows": {"version": "1.9.0"}, "ansible.yang": {"version": "1.0.0"}, "arista.eos": {"version": "5.0.0"}, "cisco.asa": {"version": "3.0.0"}, "cisco.ios": {"version": "3.0.0"}, "cisco.iosxr": {"version": "3.0.0"}, "cisco.nxos": {"version": "3.0.0"}, "cloud.common": {"version": "2.1.1"}, "frr.frr": {"version": "2.0.0"}, "ibm.qradar": {"version": "2.0.0"}, "junipernetworks.junos": {"version": "3.0.0"}, "kubernetes.core": {"version": "2.2.3"}, "openvswitch.openvswitch": {"version": "2.1.0"}, "redhat.insights": {"version": "1.0.7"}, "redhat.openshift": {"version": "2.1.0"}, "redhat.rhv": {"version": "1.6.5"}, "redhat.satellite": {"version": "3.3.0"}, "servicenow.itsm": {"version": "1.3.3"}, "splunk.es": {"version": "2.0.0"}, "trendmicro.deepsec": {"version": "2.0.0"}, "vmware.vmware_rest": {"version": "2.1.5"}, "vyos.vyos": {"version": "3.0.0"}}}
2025-12-24 09:52:34,266 p=21 u=root n=ansible | playbook: /home/student/troubleshoot-playbook/samba.yml
2025-12-24 09:52:39,698 p=16 u=root n=ansible | {"/usr/share/ansible/collections/ansible_collections": {"amazon.aws": {"version": "3.2.0"}, "ansible.controller": {"version": "4.2.1"}, "ansible.netcommon": {"version": "3.0.0"}, "ansible.network": {"version": "1.2.0"}, "ansible.posix": {"version": "1.3.0"}, "ansible.security": {"version": "1.0.0"}, "ansible.utils": {"version": "2.6.1"}, "ansible.windows": {"version": "1.9.0"}, "ansible.yang": {"version": "1.0.0"}, "arista.eos": {"version": "5.0.0"}, "cisco.asa": {"version": "3.0.0"}, "cisco.ios": {"version": "3.0.0"}, "cisco.iosxr": {"version": "3.0.0"}, "cisco.nxos": {"version": "3.0.0"}, "cloud.common": {"version": "2.1.1"}, "frr.frr": {"version": "2.0.0"}, "ibm.qradar": {"version": "2.0.0"}, "junipernetworks.junos": {"version": "3.0.0"}, "kubernetes.core": {"version": "2.2.3"}, "openvswitch.openvswitch": {"version": "2.1.0"}, "redhat.insights": {"version": "1.0.7"}, "redhat.openshift": {"version": "2.1.0"}, "redhat.rhv": {"version": "1.6.5"}, "redhat.satellite": {"version": "3.3.0"}, "servicenow.itsm": {"version": "1.3.3"}, "splunk.es": {"version": "2.0.0"}, "trendmicro.deepsec": {"version": "2.0.0"}, "vmware.vmware_rest": {"version": "2.1.5"}, "vyos.vyos": {"version": "3.0.0"}}}
2025-12-24 09:52:40,878 p=21 u=root n=ansible | PLAY [Install a samba server] **************************************************
2025-12-24 09:52:40,903 p=21 u=root n=ansible | TASK [Gathering Facts] *********************************************************
2025-12-24 09:52:42,685 p=21 u=root n=ansible | ok: [servera.lab.example.com]
2025-12-24 09:52:42,709 p=21 u=root n=ansible | TASK [Install samba] ***********************************************************
2025-12-24 09:52:47,467 p=21 u=root n=ansible | changed: [servera.lab.example.com]
2025-12-24 09:52:47,484 p=21 u=root n=ansible | TASK [Install firewalld] *******************************************************
2025-12-24 09:52:49,487 p=21 u=root n=ansible | ok: [servera.lab.example.com]
2025-12-24 09:52:49,500 p=21 u=root n=ansible | TASK [Debug install_state variable] ********************************************
2025-12-24 09:52:49,532 p=21 u=root n=ansible | ok: [servera.lab.example.com] => {
    "msg": "The state for the samba service is installed"
}
2025-12-24 09:52:49,547 p=21 u=root n=ansible | TASK [Start firewalld] *********************************************************
2025-12-24 09:52:50,881 p=21 u=root n=ansible | ok: [servera.lab.example.com]
2025-12-24 09:52:50,893 p=21 u=root n=ansible | TASK [Configure firewall for samba] ********************************************
2025-12-24 09:52:52,146 p=21 u=root n=ansible | changed: [servera.lab.example.com]
2025-12-24 09:52:52,159 p=21 u=root n=ansible | TASK [Deliver samba config] ****************************************************
2025-12-24 09:52:53,958 p=21 u=root n=ansible | changed: [servera.lab.example.com]
2025-12-24 09:52:53,972 p=21 u=root n=ansible | TASK [Start samba] *************************************************************
2025-12-24 09:52:55,972 p=21 u=root n=ansible | changed: [servera.lab.example.com]
2025-12-24 09:52:56,000 p=21 u=root n=ansible | PLAY RECAP *********************************************************************
2025-12-24 09:52:56,000 p=21 u=root n=ansible | servera.lab.example.com    : ok=8    changed=4    unreachable=0    failed=0    skipped=0    rescued=0    ignored=0   
